<?xml version="1.0" encoding="UTF-8"?>
<testsuites name="bun test" tests="6" assertions="11" failures="0" skipped="0" time="0.511333">
  <testsuite name="tests/approval.test.ts" file="tests/approval.test.ts" tests="6" assertions="11" failures="0" skipped="0" time="0" hostname="JMac-2021.local">
    <testsuite name="tool approval" file="tests/approval.test.ts" line="87" tests="6" assertions="11" failures="0" skipped="0" time="0.407" hostname="JMac-2021.local">
      <testcase name="executes tool without asking when requireApproval is not set" classname="tool approval" time="0.340018" file="tests/approval.test.ts" line="88" assertions="1" />
      <testcase name="calls onApprovalRequest when requireApproval is &apos;all&apos;" classname="tool approval" time="0.012689" file="tests/approval.test.ts" line="100" assertions="2" />
      <testcase name="runs the tool when approval is granted" classname="tool approval" time="0.022134" file="tests/approval.test.ts" line="113" assertions="2" />
      <testcase name="returns denial result when approval is rejected" classname="tool approval" time="0.013531" file="tests/approval.test.ts" line="129" assertions="3" />
      <testcase name="only prompts approval for tools listed in requireApproval array" classname="tool approval" time="0.014208" file="tests/approval.test.ts" line="145" assertions="2" />
      <testcase name="skips all approvals when dangerouslySkipPermissions is true" classname="tool approval" time="0.006767" file="tests/approval.test.ts" line="169" assertions="1" />
    </testsuite>
  </testsuite>
</testsuites>
