<?xml version="1.0" encoding="UTF-8"?>
<testsuites name="bun test" tests="23" assertions="55" failures="0" skipped="0" time="0.094842">
  <testsuite name="tests/auto-memory.test.ts" file="tests/auto-memory.test.ts" tests="23" assertions="55" failures="0" skipped="0" time="0" hostname="JMac-2021.local">
    <testsuite name="upsertSection" file="tests/auto-memory.test.ts" line="39" tests="7" assertions="21" failures="0" skipped="0" time="0.003" hostname="JMac-2021.local">
      <testcase name="appends a new section to an empty file" classname="upsertSection" time="0.000974" file="tests/auto-memory.test.ts" line="40" assertions="3" />
      <testcase name="appends a new section to an existing file with content" classname="upsertSection" time="0.00052" file="tests/auto-memory.test.ts" line="47" assertions="3" />
      <testcase name="replaces an existing section" classname="upsertSection" time="0.002156" file="tests/auto-memory.test.ts" line="55" assertions="5" />
      <testcase name="does not duplicate the heading when replacing" classname="upsertSection" time="0.00169" file="tests/auto-memory.test.ts" line="65" assertions="1" />
      <testcase name="preserves sections before the replaced one" classname="upsertSection" time="0.000676" file="tests/auto-memory.test.ts" line="72" assertions="4" />
      <testcase name="preserves sections after the replaced one" classname="upsertSection" time="0.0005" file="tests/auto-memory.test.ts" line="81" assertions="3" />
      <testcase name="trims trailing whitespace from the body" classname="upsertSection" time="0.000535" file="tests/auto-memory.test.ts" line="89" assertions="2" />
    </testsuite>
    <testsuite name="write_memory tool" file="tests/auto-memory.test.ts" line="99" tests="6" assertions="16" failures="0" skipped="0" time="0.003" hostname="JMac-2021.local">
      <testcase name="creates CLAUDE.md in cwd when scope is project (default)" classname="write_memory tool" time="0.002478" file="tests/auto-memory.test.ts" line="100" assertions="3" />
      <testcase name="creates CLAUDE.md when scope is explicitly &apos;project&apos;" classname="write_memory tool" time="0.000739" file="tests/auto-memory.test.ts" line="109" assertions="1" />
      <testcase name="returns an error for empty heading" classname="write_memory tool" time="0.00064" file="tests/auto-memory.test.ts" line="116" assertions="2" />
      <testcase name="can be called multiple times — appends new sections" classname="write_memory tool" time="0.001027" file="tests/auto-memory.test.ts" line="123" assertions="4" />
      <testcase name="replaces an existing section on re-write" classname="write_memory tool" time="0.000799" file="tests/auto-memory.test.ts" line="134" assertions="3" />
      <testcase name="returns a success message referencing CLAUDE.md for project scope" classname="write_memory tool" time="0.000541" file="tests/auto-memory.test.ts" line="146" assertions="3" />
    </testsuite>
    <testsuite name="read_memory tool" file="tests/auto-memory.test.ts" line="157" tests="4" assertions="8" failures="0" skipped="0" time="0.002" hostname="JMac-2021.local">
      <testcase name="returns empty message when CLAUDE.md does not exist" classname="read_memory tool" time="0.000641" file="tests/auto-memory.test.ts" line="158" assertions="2" />
      <testcase name="returns full CLAUDE.md content when it exists" classname="read_memory tool" time="0.000751" file="tests/auto-memory.test.ts" line="165" assertions="3" />
      <testcase name="round-trips with write_memory" classname="read_memory tool" time="0.001155" file="tests/auto-memory.test.ts" line="175" assertions="2" />
      <testcase name="reads project scope by default" classname="read_memory tool" time="0.001213" file="tests/auto-memory.test.ts" line="184" assertions="1" />
    </testsuite>
    <testsuite name="loadAutoMemory" file="tests/auto-memory.test.ts" line="195" tests="4" assertions="7" failures="0" skipped="0" time="0.057" hostname="JMac-2021.local">
      <testcase name="returns empty strings when neither file exists" classname="loadAutoMemory" time="0.034713" file="tests/auto-memory.test.ts" line="196" assertions="2" />
      <testcase name="returns project content when CLAUDE.md exists" classname="loadAutoMemory" time="0.00596" file="tests/auto-memory.test.ts" line="202" assertions="2" />
      <testcase name="returns empty global content when MEMORY.md does not exist (no ~/.orager/ setup)" classname="loadAutoMemory" time="0.012232" file="tests/auto-memory.test.ts" line="210" assertions="1" />
      <testcase name="returns both project and global content simultaneously" classname="loadAutoMemory" time="0.006091" file="tests/auto-memory.test.ts" line="217" assertions="2" />
    </testsuite>
    <testsuite name="path helpers" file="tests/auto-memory.test.ts" line="229" tests="2" assertions="3" failures="0" skipped="0" time="0" hostname="JMac-2021.local">
      <testcase name="projectMemoryFile returns path inside cwd" classname="path helpers" time="0.000318" file="tests/auto-memory.test.ts" line="230" assertions="1" />
      <testcase name="GLOBAL_MEMORY_FILE is inside ~/.orager/" classname="path helpers" time="0.000252" file="tests/auto-memory.test.ts" line="235" assertions="2" />
    </testsuite>
  </testsuite>
</testsuites>
