<?xml version="1.0" encoding="UTF-8"?>
<testsuites name="bun test" tests="14" assertions="14" failures="0" skipped="0" time="0.027314">
  <testsuite name="tests/bash-policy-hardening.test.ts" file="tests/bash-policy-hardening.test.ts" tests="14" assertions="14" failures="0" skipped="0" time="0" hostname="JMac-2021.local">
    <testsuite name="containsBlockedCommand" file="tests/bash-policy-hardening.test.ts" line="4" tests="10" assertions="10" failures="0" skipped="0" time="0" hostname="JMac-2021.local">
      <testcase name="blocks bash -c with blocked command" classname="containsBlockedCommand" time="0.000557" file="tests/bash-policy-hardening.test.ts" line="7" assertions="1" />
      <testcase name="blocks sh -c with blocked command" classname="containsBlockedCommand" time="0.000023" file="tests/bash-policy-hardening.test.ts" line="11" assertions="1" />
      <testcase name="blocks source script.sh when policy is active" classname="containsBlockedCommand" time="0.000009" file="tests/bash-policy-hardening.test.ts" line="15" assertions="1" />
      <testcase name="blocks . ~/.bashrc when policy is active" classname="containsBlockedCommand" time="0.000006" file="tests/bash-policy-hardening.test.ts" line="19" assertions="1" />
      <testcase name="blocks process substitution cat &lt;(rm -rf /)" classname="containsBlockedCommand" time="0.000013" file="tests/bash-policy-hardening.test.ts" line="23" assertions="1" />
      <testcase name="blocks direct rm (regression)" classname="containsBlockedCommand" time="0.000004" file="tests/bash-policy-hardening.test.ts" line="27" assertions="1" />
      <testcase name="allows an unblocked command" classname="containsBlockedCommand" time="0.000065" file="tests/bash-policy-hardening.test.ts" line="31" assertions="1" />
      <testcase name="blocks rm inside nested bash -c quoting" classname="containsBlockedCommand" time="0.000009" file="tests/bash-policy-hardening.test.ts" line="35" assertions="1" />
      <testcase name="does not false-positive on rmdir when only rm is blocked" classname="containsBlockedCommand" time="0.000014" file="tests/bash-policy-hardening.test.ts" line="39" assertions="1" />
      <testcase name="blocks multiple blocked commands — returns first found" classname="containsBlockedCommand" time="0.000032" file="tests/bash-policy-hardening.test.ts" line="50" assertions="1" />
    </testsuite>
    <testsuite name="eval/exec bypass via pipeline separators" file="tests/bash-policy-hardening.test.ts" line="58" tests="3" assertions="4" failures="0" skipped="0" time="0" hostname="JMac-2021.local">
      <testcase name="blocks blocked command after semicolon eval" classname="eval/exec bypass via pipeline separators" time="0.000023" file="tests/bash-policy-hardening.test.ts" line="59" assertions="2" />
      <testcase name="containsBlockedCommand blocks curl in eval context via substring scan" classname="eval/exec bypass via pipeline separators" time="0.000014" file="tests/bash-policy-hardening.test.ts" line="67" assertions="1" />
      <testcase name="containsBlockedCommand blocks curl in exec context" classname="eval/exec bypass via pipeline separators" time="0.00001" file="tests/bash-policy-hardening.test.ts" line="72" assertions="1" />
    </testsuite>
    <testsuite name="H-06: OS sandbox fail-closed" file="tests/bash-policy-hardening.test.ts" line="80" tests="1" assertions="0" failures="0" skipped="0" time="0.008" hostname="JMac-2021.local">
      <testcase name="returns error when osSandbox=true but no sandbox tool is available" classname="H-06: OS sandbox fail-closed" time="0.008196" file="tests/bash-policy-hardening.test.ts" line="81" assertions="0" />
    </testsuite>
  </testsuite>
</testsuites>
