<?xml version="1.0" encoding="UTF-8"?>
<testsuites name="bun test" tests="8" assertions="12" failures="0" skipped="0" time="0.037314">
  <testsuite name="tests/call-direct.test.ts" file="tests/call-direct.test.ts" tests="8" assertions="12" failures="0" skipped="0" time="0" hostname="JMac-2021.local">
    <testsuite name="callDirect — metadata.user_id forwarded to Anthropic (Sprint 6-A)" file="tests/call-direct.test.ts" line="52" tests="3" assertions="4" failures="0" skipped="0" time="0.003" hostname="JMac-2021.local">
      <testcase name="sends metadata.user_id when opts.user is provided" classname="callDirect — metadata.user_id forwarded to Anthropic (Sprint 6-A)" time="0.003197" file="tests/call-direct.test.ts" line="53" assertions="1" />
      <testcase name="does not include metadata when opts.user is absent" classname="callDirect — metadata.user_id forwarded to Anthropic (Sprint 6-A)" time="0.00017" file="tests/call-direct.test.ts" line="66" assertions="1" />
      <testcase name="different user values produce different user_id values" classname="callDirect — metadata.user_id forwarded to Anthropic (Sprint 6-A)" time="0.000165" file="tests/call-direct.test.ts" line="79" assertions="2" />
    </testsuite>
    <testsuite name="callDirect — HTTP request shape" file="tests/call-direct.test.ts" line="97" tests="5" assertions="8" failures="0" skipped="0" time="0" hostname="JMac-2021.local">
      <testcase name="sends request to the Anthropic endpoint, not OpenRouter" classname="callDirect — HTTP request shape" time="0.000101" file="tests/call-direct.test.ts" line="98" assertions="2" />
      <testcase name="strips &apos;anthropic/&apos; prefix from model name in the request body" classname="callDirect — HTTP request shape" time="0.000103" file="tests/call-direct.test.ts" line="112" assertions="2" />
      <testcase name="uses x-api-key header, not Authorization: Bearer" classname="callDirect — HTTP request shape" time="0.000099" file="tests/call-direct.test.ts" line="126" assertions="2" />
      <testcase name="ANTHROPIC_API_KEY env var takes precedence over opts.apiKey" classname="callDirect — HTTP request shape" time="0.000097" file="tests/call-direct.test.ts" line="140" assertions="1" />
      <testcase name="falls back to opts.apiKey when ANTHROPIC_API_KEY is not set" classname="callDirect — HTTP request shape" time="0.00013" file="tests/call-direct.test.ts" line="153" assertions="1" />
    </testsuite>
  </testsuite>
</testsuites>
