<?xml version="1.0" encoding="UTF-8"?>
<testsuites name="bun test" tests="23" assertions="47" failures="0" skipped="0" time="0.015448">
  <testsuite name="tests/circuit-breaker.test.ts" file="tests/circuit-breaker.test.ts" tests="23" assertions="47" failures="0" skipped="0" time="0" hostname="JMac-2021.local">
    <testsuite name="CircuitBreaker" file="tests/circuit-breaker.test.ts" line="11" tests="7" assertions="17" failures="0" skipped="0" time="0" hostname="JMac-2021.local">
      <testcase name="starts closed" classname="CircuitBreaker" time="0" file="tests/circuit-breaker.test.ts" line="18" assertions="2" />
      <testcase name="opens after threshold consecutive failures" classname="CircuitBreaker" time="0" file="tests/circuit-breaker.test.ts" line="23" assertions="3" />
      <testcase name="resets to closed on success" classname="CircuitBreaker" time="0" file="tests/circuit-breaker.test.ts" line="32" assertions="3" />
      <testcase name="transitions to half-open after resetAfterMs" classname="CircuitBreaker" time="0" file="tests/circuit-breaker.test.ts" line="42" assertions="3" />
      <testcase name="re-opens from half-open on failure" classname="CircuitBreaker" time="0" file="tests/circuit-breaker.test.ts" line="56" assertions="2" />
      <testcase name="closes from half-open on success" classname="CircuitBreaker" time="0" file="tests/circuit-breaker.test.ts" line="64" assertions="1" />
      <testcase name="retryInMs is positive when open, 0 otherwise" classname="CircuitBreaker" time="0" file="tests/circuit-breaker.test.ts" line="72" assertions="3" />
    </testsuite>
    <testsuite name="getAgentCircuitBreaker — per-agent isolation (A1)" file="tests/circuit-breaker.test.ts" line="82" tests="5" assertions="9" failures="0" skipped="0" time="0" hostname="JMac-2021.local">
      <testcase name="returns a CircuitBreaker instance for a given agentId" classname="getAgentCircuitBreaker — per-agent isolation (A1)" time="0" file="tests/circuit-breaker.test.ts" line="87" assertions="2" />
      <testcase name="returns the same instance on repeated calls for the same agentId" classname="getAgentCircuitBreaker — per-agent isolation (A1)" time="0" file="tests/circuit-breaker.test.ts" line="93" assertions="1" />
      <testcase name="returns different instances for different agentIds" classname="getAgentCircuitBreaker — per-agent isolation (A1)" time="0" file="tests/circuit-breaker.test.ts" line="99" assertions="1" />
      <testcase name="tripping one agent&apos;s CB does not affect another agent" classname="getAgentCircuitBreaker — per-agent isolation (A1)" time="0" file="tests/circuit-breaker.test.ts" line="105" assertions="2" />
      <testcase name="clearAllAgentCircuitBreakers resets state for all agents" classname="getAgentCircuitBreaker — per-agent isolation (A1)" time="0" file="tests/circuit-breaker.test.ts" line="119" assertions="3" />
    </testsuite>
    <testsuite name="daemon run pattern — circuit breaker state transitions (T-gap2)" file="tests/circuit-breaker.test.ts" line="143" tests="4" assertions="9" failures="0" skipped="0" time="0" hostname="JMac-2021.local">
      <testcase name="three consecutive failures open the agent circuit breaker (threshold=3)" classname="daemon run pattern — circuit breaker state transitions (T-gap2)" time="0.000781" file="tests/circuit-breaker.test.ts" line="165" assertions="2" />
      <testcase name="a successful run records success and keeps the CB closed" classname="daemon run pattern — circuit breaker state transitions (T-gap2)" time="0" file="tests/circuit-breaker.test.ts" line="176" assertions="2" />
      <testcase name="a successful run after partial failures keeps the CB closed" classname="daemon run pattern — circuit breaker state transitions (T-gap2)" time="0" file="tests/circuit-breaker.test.ts" line="185" assertions="3" />
      <testcase name="different agents accumulate independent failure counts" classname="daemon run pattern — circuit breaker state transitions (T-gap2)" time="0" file="tests/circuit-breaker.test.ts" line="204" assertions="2" />
    </testsuite>
    <testsuite name="_agentCircuitBreakers TTL eviction (Fix 7)" file="tests/circuit-breaker.test.ts" line="220" tests="4" assertions="6" failures="0" skipped="0" time="0" hostname="JMac-2021.local">
      <testcase name="evicts an agent whose lastUsed is older than CB_IDLE_EVICT_MS (1 hour)" classname="_agentCircuitBreakers TTL eviction (Fix 7)" time="0" file="tests/circuit-breaker.test.ts" line="225" assertions="1" />
      <testcase name="does not evict an agent that was used recently" classname="_agentCircuitBreakers TTL eviction (Fix 7)" time="0" file="tests/circuit-breaker.test.ts" line="237" assertions="1" />
      <testcase name="evicts only idle agents, leaving recently-used agents intact" classname="_agentCircuitBreakers TTL eviction (Fix 7)" time="0" file="tests/circuit-breaker.test.ts" line="246" assertions="2" />
      <testcase name="preserves circuit state (open/closed) for non-evicted agents after eviction pass" classname="_agentCircuitBreakers TTL eviction (Fix 7)" time="0.000334" file="tests/circuit-breaker.test.ts" line="260" assertions="2" />
    </testsuite>
    <testsuite name="getAllAgentCircuitBreakerStates — metrics snapshot" file="tests/circuit-breaker.test.ts" line="275" tests="3" assertions="6" failures="0" skipped="0" time="0" hostname="JMac-2021.local">
      <testcase name="returns empty object when no agents have circuit breakers" classname="getAllAgentCircuitBreakerStates — metrics snapshot" time="0.00004" file="tests/circuit-breaker.test.ts" line="280" assertions="1" />
      <testcase name="includes state for agents with circuit breakers" classname="getAllAgentCircuitBreakerStates — metrics snapshot" time="0" file="tests/circuit-breaker.test.ts" line="286" assertions="3" />
      <testcase name="reports open state and positive retryInMs for a tripped circuit" classname="getAllAgentCircuitBreakerStates — metrics snapshot" time="0" file="tests/circuit-breaker.test.ts" line="295" assertions="2" />
    </testsuite>
  </testsuite>
</testsuites>
