<?xml version="1.0" encoding="UTF-8"?>
<testsuites name="bun test" tests="5" assertions="19" failures="2" skipped="0" time="0.126643">
  <testsuite name="tests/concurrency.test.ts" file="tests/concurrency.test.ts" tests="5" assertions="19" failures="2" skipped="0" time="0" hostname="JMac-2021.local">
    <testsuite name="Memory concurrency" file="tests/concurrency.test.ts" line="34" tests="3" assertions="19" failures="0" skipped="0" time="0.086" hostname="JMac-2021.local">
      <testcase name="10 concurrent writes to same key — all entries persist" classname="Memory concurrency" time="0.058022" file="tests/concurrency.test.ts" line="35" assertions="11" />
      <testcase name="5 concurrent writes to different keys — all complete without interference" classname="Memory concurrency" time="0.00537" file="tests/concurrency.test.ts" line="58" assertions="6" />
      <testcase name="20 concurrent operations serialized by withMemoryLock — no lost writes" classname="Memory concurrency" time="0.023002" file="tests/concurrency.test.ts" line="77" assertions="2" />
    </testsuite>
    <testsuite name="Session lock concurrency" file="tests/concurrency.test.ts" line="99" tests="2" assertions="0" failures="2" skipped="0" time="0.011" hostname="JMac-2021.local">
      <testcase name="two concurrent attempts to lock same session — second throws expected error" classname="Session lock concurrency" time="0.011917" file="tests/concurrency.test.ts" line="100" assertions="0">
        <failure type="AssertionError" />
      </testcase>
      <testcase name="after first holder releases, second attempt succeeds" classname="Session lock concurrency" time="0.000798" file="tests/concurrency.test.ts" line="114" assertions="0">
        <failure type="AssertionError" />
      </testcase>
    </testsuite>
  </testsuite>
</testsuites>
