<?xml version="1.0" encoding="UTF-8"?>
<testsuites name="bun test" tests="15" assertions="17" failures="0" skipped="0" time="0.12198">
  <testsuite name="tests/config-file.test.ts" file="tests/config-file.test.ts" tests="15" assertions="17" failures="0" skipped="0" time="0" hostname="JMac-2021.local">
    <testsuite name="loadConfigFile — agentApiKey (B2)" file="tests/config-file.test.ts" line="25" tests="4" assertions="4" failures="0" skipped="0" time="0.003" hostname="JMac-2021.local">
      <testcase name="parses agentApiKey and returns it in the result" classname="loadConfigFile — agentApiKey (B2)" time="0.001613" file="tests/config-file.test.ts" line="26" assertions="1" />
      <testcase name="trims whitespace from agentApiKey" classname="loadConfigFile — agentApiKey (B2)" time="0.000553" file="tests/config-file.test.ts" line="32" assertions="1" />
      <testcase name="omits agentApiKey when value is empty string" classname="loadConfigFile — agentApiKey (B2)" time="0.000474" file="tests/config-file.test.ts" line="38" assertions="1" />
      <testcase name="omits agentApiKey when value is whitespace only" classname="loadConfigFile — agentApiKey (B2)" time="0.002013" file="tests/config-file.test.ts" line="44" assertions="1" />
    </testsuite>
    <testsuite name="loadConfigFile — memoryRetrieval (B2)" file="tests/config-file.test.ts" line="53" tests="4" assertions="4" failures="0" skipped="0" time="0" hostname="JMac-2021.local">
      <testcase name="parses memoryRetrieval: &apos;embedding&apos;" classname="loadConfigFile — memoryRetrieval (B2)" time="0.000366" file="tests/config-file.test.ts" line="54" assertions="1" />
      <testcase name="parses memoryRetrieval: &apos;local&apos;" classname="loadConfigFile — memoryRetrieval (B2)" time="0.000377" file="tests/config-file.test.ts" line="60" assertions="1" />
      <testcase name="omits memoryRetrieval when value is an unknown string" classname="loadConfigFile — memoryRetrieval (B2)" time="0.000275" file="tests/config-file.test.ts" line="66" assertions="1" />
      <testcase name="omits memoryRetrieval when absent" classname="loadConfigFile — memoryRetrieval (B2)" time="0.000275" file="tests/config-file.test.ts" line="72" assertions="1" />
    </testsuite>
    <testsuite name="loadConfigFile — memoryEmbeddingModel (B2)" file="tests/config-file.test.ts" line="81" tests="4" assertions="6" failures="0" skipped="0" time="0" hostname="JMac-2021.local">
      <testcase name="parses memoryEmbeddingModel" classname="loadConfigFile — memoryEmbeddingModel (B2)" time="0.000274" file="tests/config-file.test.ts" line="82" assertions="1" />
      <testcase name="trims whitespace from memoryEmbeddingModel" classname="loadConfigFile — memoryEmbeddingModel (B2)" time="0.000286" file="tests/config-file.test.ts" line="88" assertions="1" />
      <testcase name="omits memoryEmbeddingModel when value is empty string" classname="loadConfigFile — memoryEmbeddingModel (B2)" time="0.000302" file="tests/config-file.test.ts" line="94" assertions="1" />
      <testcase name="all three B2 fields survive a round-trip together" classname="loadConfigFile — memoryEmbeddingModel (B2)" time="0.000314" file="tests/config-file.test.ts" line="100" assertions="3" />
    </testsuite>
    <testsuite name="loadConfigFile — error handling" file="tests/config-file.test.ts" line="115" tests="3" assertions="3" failures="0" skipped="0" time="0" hostname="JMac-2021.local">
      <testcase name="throws a descriptive error for a missing file" classname="loadConfigFile — error handling" time="0.000279" file="tests/config-file.test.ts" line="116" assertions="1" />
      <testcase name="throws a descriptive error for invalid JSON" classname="loadConfigFile — error handling" time="0.000492" file="tests/config-file.test.ts" line="122" assertions="1" />
      <testcase name="deletes the config file immediately after reading" classname="loadConfigFile — error handling" time="0.000357" file="tests/config-file.test.ts" line="128" assertions="1" />
    </testsuite>
  </testsuite>
</testsuites>
