<?xml version="1.0" encoding="UTF-8"?>
<testsuites name="bun test" tests="10" assertions="13" failures="0" skipped="0" time="0.070971">
  <testsuite name="tests/context-injector.test.ts" file="tests/context-injector.test.ts" tests="10" assertions="13" failures="0" skipped="0" time="0" hostname="JMac-2021.local">
    <testsuite name="gatherContext" file="tests/context-injector.test.ts" line="11" tests="5" assertions="7" failures="0" skipped="0" time="0.05" hostname="JMac-2021.local">
      <testcase name="returns an object with optional fields (no crash) in tmp dir" classname="gatherContext" time="0.014907" file="tests/context-injector.test.ts" line="12" assertions="2" />
      <testcase name="returns packageName when package.json exists" classname="gatherContext" time="0.012047" file="tests/context-injector.test.ts" line="26" assertions="2" />
      <testcase name="returns undefined packageName when no package.json" classname="gatherContext" time="0.01171" file="tests/context-injector.test.ts" line="42" assertions="1" />
      <testcase name="handles non-existent cwd gracefully" classname="gatherContext" time="0.001021" file="tests/context-injector.test.ts" line="52" assertions="1" />
      <testcase name="includes dirListing when directory has files" classname="gatherContext" time="0.01219" file="tests/context-injector.test.ts" line="58" assertions="1" />
    </testsuite>
    <testsuite name="formatContext" file="tests/context-injector.test.ts" line="73" tests="5" assertions="6" failures="0" skipped="0" time="0" hostname="JMac-2021.local">
      <testcase name="returns a string starting with [Auto-injected context]" classname="formatContext" time="0.000022" file="tests/context-injector.test.ts" line="74" assertions="1" />
      <testcase name="includes gitBranch when provided" classname="formatContext" time="0" file="tests/context-injector.test.ts" line="82" assertions="1" />
      <testcase name="includes packageName and version when provided" classname="formatContext" time="0" file="tests/context-injector.test.ts" line="87" assertions="2" />
      <testcase name="handles empty context without throwing" classname="formatContext" time="0" file="tests/context-injector.test.ts" line="93" assertions="1" />
      <testcase name="does not include undefined fields" classname="formatContext" time="0" file="tests/context-injector.test.ts" line="97" assertions="1" />
    </testsuite>
  </testsuite>
</testsuites>
