<?xml version="1.0" encoding="UTF-8"?>
<testsuites name="bun test" tests="10" assertions="11" failures="0" skipped="0" time="0.109099">
  <testsuite name="tests/cost-anomaly.test.ts" file="tests/cost-anomaly.test.ts" tests="10" assertions="11" failures="0" skipped="0" time="0" hostname="JMac-2021.local">
    <testsuite name="COST_ANOMALY_MULTIPLIER" file="tests/cost-anomaly.test.ts" line="17" tests="2" assertions="3" failures="0" skipped="0" time="0.096" hostname="JMac-2021.local">
      <testcase name="is exported from loop.ts" classname="COST_ANOMALY_MULTIPLIER" time="0.096044" file="tests/cost-anomaly.test.ts" line="18" assertions="2" />
      <testcase name="defaults to 2.0 when env var is not set" classname="COST_ANOMALY_MULTIPLIER" time="0.000025" file="tests/cost-anomaly.test.ts" line="24" assertions="1" />
    </testsuite>
    <testsuite name="Cost anomaly detection logic" file="tests/cost-anomaly.test.ts" line="34" tests="8" assertions="8" failures="0" skipped="0" time="0" hostname="JMac-2021.local">
      <testcase name="default multiplier (2.0): warning fires when cost is &gt;2× rolling average" classname="Cost anomaly detection logic" time="0.000079" file="tests/cost-anomaly.test.ts" line="35" assertions="1" />
      <testcase name="default multiplier (2.0): no warning when cost is exactly 2× average" classname="Cost anomaly detection logic" time="0" file="tests/cost-anomaly.test.ts" line="41" assertions="1" />
      <testcase name="default multiplier (2.0): no warning when cost is within 2× threshold" classname="Cost anomaly detection logic" time="0.000021" file="tests/cost-anomaly.test.ts" line="47" assertions="1" />
      <testcase name="custom multiplier (3.0): warning fires at the custom threshold" classname="Cost anomaly detection logic" time="0.000007" file="tests/cost-anomaly.test.ts" line="53" assertions="1" />
      <testcase name="custom multiplier (3.0): no warning when cost is under custom threshold" classname="Cost anomaly detection logic" time="0.000004" file="tests/cost-anomaly.test.ts" line="59" assertions="1" />
      <testcase name="custom multiplier (1.5): more sensitive — fires at 1.5×" classname="Cost anomaly detection logic" time="0.000011" file="tests/cost-anomaly.test.ts" line="65" assertions="1" />
      <testcase name="does not fire on the first turn (no history)" classname="Cost anomaly detection logic" time="0" file="tests/cost-anomaly.test.ts" line="71" assertions="1" />
      <testcase name="does not fire when current cost is zero" classname="Cost anomaly detection logic" time="0.000021" file="tests/cost-anomaly.test.ts" line="75" assertions="1" />
    </testsuite>
  </testsuite>
</testsuites>
