<?xml version="1.0" encoding="UTF-8"?>
<testsuites name="bun test" tests="6" assertions="7" failures="0" skipped="0" time="0.021481">
  <testsuite name="tests/cross-platform.test.ts" file="tests/cross-platform.test.ts" tests="6" assertions="7" failures="0" skipped="0" time="0" hostname="JMac-2021.local">
    <testsuite name="isBashAvailable" file="tests/cross-platform.test.ts" line="7" tests="4" assertions="4" failures="0" skipped="0" time="0" hostname="JMac-2021.local">
      <testcase name="returns a boolean" classname="isBashAvailable" time="0" file="tests/cross-platform.test.ts" line="12" assertions="1" />
      <testcase name="returns true on non-Windows platforms" classname="isBashAvailable" time="0" file="tests/cross-platform.test.ts" line="17" assertions="1" />
      <testcase name="returns true on darwin" classname="isBashAvailable" time="0" file="tests/cross-platform.test.ts" line="29" assertions="1" />
      <testcase name="caches its result" classname="isBashAvailable" time="0" file="tests/cross-platform.test.ts" line="41" assertions="1" />
    </testsuite>
    <testsuite name="bash tool — platform guard logic" file="tests/cross-platform.test.ts" line="48" tests="1" assertions="1" failures="0" skipped="0" time="0.001" hostname="JMac-2021.local">
      <testcase name="isBashAvailable returns false when platform is win32 and no bash found" classname="bash tool — platform guard logic" time="0.00126" file="tests/cross-platform.test.ts" line="54" assertions="1" />
    </testsuite>
    <testsuite name="stat.mode permission check — win32 guard" file="tests/cross-platform.test.ts" line="72" tests="1" assertions="2" failures="0" skipped="0" time="0" hostname="JMac-2021.local">
      <testcase name="ensureSessionsDirPermissions skips chmod on win32" classname="stat.mode permission check — win32 guard" time="0.000028" file="tests/cross-platform.test.ts" line="73" assertions="2" />
    </testsuite>
  </testsuite>
</testsuites>
