<?xml version="1.0" encoding="UTF-8"?>
<testsuites name="bun test" tests="8" assertions="35" failures="0" skipped="0" time="0.047156">
  <testsuite name="tests/daemon-rate-limit.test.ts" file="tests/daemon-rate-limit.test.ts" tests="8" assertions="35" failures="0" skipped="0" time="0" hostname="JMac-2021.local">
    <testsuite name="P2-3: rate limit — checkRateLimit unit tests" file="tests/daemon-rate-limit.test.ts" line="16" tests="6" assertions="30" failures="0" skipped="0" time="0" hostname="JMac-2021.local">
      <testcase name="request within limit: passes through" classname="P2-3: rate limit — checkRateLimit unit tests" time="0.000207" file="tests/daemon-rate-limit.test.ts" line="27" assertions="1" />
      <testcase name="request exceeding /run limit: returns allowed:false with retryAfter" classname="P2-3: rate limit — checkRateLimit unit tests" time="0" file="tests/daemon-rate-limit.test.ts" line="32" assertions="6" />
      <testcase name="non-run endpoint has 5x higher limit (default 300 vs 60)" classname="P2-3: rate limit — checkRateLimit unit tests" time="0" file="tests/daemon-rate-limit.test.ts" line="50" assertions="12" />
      <testcase name="different IPs have independent counters" classname="P2-3: rate limit — checkRateLimit unit tests" time="0" file="tests/daemon-rate-limit.test.ts" line="69" assertions="3" />
      <testcase name="ORAGER_RATE_LIMIT_RPM env var is respected" classname="P2-3: rate limit — checkRateLimit unit tests" time="0" file="tests/daemon-rate-limit.test.ts" line="80" assertions="6" />
      <testcase name="counter resets after the window expires" classname="P2-3: rate limit — checkRateLimit unit tests" time="0" file="tests/daemon-rate-limit.test.ts" line="91" assertions="2" />
    </testsuite>
    <testsuite name="P2-3: rate limit — HTTP integration" file="tests/daemon-rate-limit.test.ts" line="114" tests="2" assertions="5" failures="0" skipped="0" time="0.014" hostname="JMac-2021.local">
      <testcase name="first requests within limit pass through (HTTP 200)" classname="P2-3: rate limit — HTTP integration" time="0.011967" file="tests/daemon-rate-limit.test.ts" line="158" assertions="2" />
      <testcase name="request exceeding limit returns 429 with Retry-After header" classname="P2-3: rate limit — HTTP integration" time="0.003743" file="tests/daemon-rate-limit.test.ts" line="165" assertions="3" />
    </testsuite>
  </testsuite>
</testsuites>
