<?xml version="1.0" encoding="UTF-8"?>
<testsuites name="bun test" tests="9" assertions="16" failures="0" skipped="0" time="0.019441">
  <testsuite name="tests/embedding-cache.test.ts" file="tests/embedding-cache.test.ts" tests="9" assertions="16" failures="0" skipped="0" time="0" hostname="JMac-2021.local">
    <testsuite name="embedding cache" file="tests/embedding-cache.test.ts" line="17" tests="9" assertions="16" failures="0" skipped="0" time="0" hostname="JMac-2021.local">
      <testcase name="cache miss returns null for unknown (model, text)" classname="embedding cache" time="0.000271" file="tests/embedding-cache.test.ts" line="18" assertions="1" />
      <testcase name="cache hit returns stored vector" classname="embedding cache" time="0.000076" file="tests/embedding-cache.test.ts" line="23" assertions="1" />
      <testcase name="different models with same text are cached independently" classname="embedding cache" time="0.00004" file="tests/embedding-cache.test.ts" line="30" assertions="2" />
      <testcase name="same model with different texts are cached independently" classname="embedding cache" time="0.000025" file="tests/embedding-cache.test.ts" line="40" assertions="2" />
      <testcase name="TTL expiry — null after 5 minutes (vi.useFakeTimers)" classname="embedding cache" time="0.000034" file="tests/embedding-cache.test.ts" line="50" assertions="2" />
      <testcase name="max entries eviction — oldest evicted when limit exceeded" classname="embedding cache" time="0.000331" file="tests/embedding-cache.test.ts" line="65" assertions="4" />
      <testcase name="_clearEmbeddingCacheForTesting resets cache" classname="embedding cache" time="0.000047" file="tests/embedding-cache.test.ts" line="87" assertions="2" />
      <testcase name="updating an existing key refreshes the vector" classname="embedding cache" time="0.000022" file="tests/embedding-cache.test.ts" line="96" assertions="1" />
      <testcase name="cache is keyed by sha256 hash — identical text hits the same entry" classname="embedding cache" time="0.000024" file="tests/embedding-cache.test.ts" line="105" assertions="1" />
    </testsuite>
  </testsuite>
</testsuites>
