<?xml version="1.0" encoding="UTF-8"?>
<testsuites name="bun test" tests="5" assertions="15" failures="0" skipped="0" time="0.021516">
  <testsuite name="tests/emit.test.ts" file="tests/emit.test.ts" tests="5" assertions="15" failures="0" skipped="0" time="0" hostname="JMac-2021.local">
    <testsuite name="emit" file="tests/emit.test.ts" line="4" tests="5" assertions="15" failures="0" skipped="0" time="0.001" hostname="JMac-2021.local">
      <testcase name="writes valid JSON followed by a newline" classname="emit" time="0.001494" file="tests/emit.test.ts" line="20" assertions="3" />
      <testcase name="emits init event with correct shape" classname="emit" time="0.000033" file="tests/emit.test.ts" line="29" assertions="1" />
      <testcase name="emits result event with correct shape" classname="emit" time="0.000048" file="tests/emit.test.ts" line="40" assertions="6" />
      <testcase name="emits tool event — omits is_error when not an error" classname="emit" time="0.000012" file="tests/emit.test.ts" line="58" assertions="4" />
      <testcase name="emits tool event — includes is_error when true" classname="emit" time="0.000048" file="tests/emit.test.ts" line="71" assertions="1" />
    </testsuite>
  </testsuite>
</testsuites>
