<?xml version="1.0" encoding="UTF-8"?>
<testsuites name="bun test" tests="9" assertions="23" failures="0" skipped="0" time="0.035442">
  <testsuite name="tests/frozen-prefix.test.ts" file="tests/frozen-prefix.test.ts" tests="9" assertions="23" failures="0" skipped="0" time="0" hostname="JMac-2021.local">
    <testsuite name="applyAnthropicCacheControl — frozenSystemPromptLength two-block split" file="tests/frozen-prefix.test.ts" line="31" tests="4" assertions="18" failures="0" skipped="0" time="0" hostname="JMac-2021.local">
      <testcase name="splits system message into two blocks when frozenSystemPromptLength is valid" classname="applyAnthropicCacheControl — frozenSystemPromptLength two-block split" time="0.000197" file="tests/frozen-prefix.test.ts" line="39" assertions="6" />
      <testcase name="falls back to single-block when frozenSystemPromptLength &gt;= content length" classname="applyAnthropicCacheControl — frozenSystemPromptLength two-block split" time="0" file="tests/frozen-prefix.test.ts" line="65" assertions="4" />
      <testcase name="falls back to single-block when frozenSystemPromptLength is 0" classname="applyAnthropicCacheControl — frozenSystemPromptLength two-block split" time="0.000069" file="tests/frozen-prefix.test.ts" line="86" assertions="4" />
      <testcase name="falls back to single-block when frozenSystemPromptLength is undefined" classname="applyAnthropicCacheControl — frozenSystemPromptLength two-block split" time="0" file="tests/frozen-prefix.test.ts" line="106" assertions="4" />
    </testsuite>
    <testsuite name="applyAnthropicCacheControl — non-Anthropic models" file="tests/frozen-prefix.test.ts" line="129" tests="2" assertions="2" failures="0" skipped="0" time="0" hostname="JMac-2021.local">
      <testcase name="returns messages unchanged for openai/* models" classname="applyAnthropicCacheControl — non-Anthropic models" time="0" file="tests/frozen-prefix.test.ts" line="130" assertions="1" />
      <testcase name="returns messages unchanged for deepseek/* models" classname="applyAnthropicCacheControl — non-Anthropic models" time="0.000061" file="tests/frozen-prefix.test.ts" line="143" assertions="1" />
    </testsuite>
    <testsuite name="memory section header constants" file="tests/frozen-prefix.test.ts" line="158" tests="3" assertions="3" failures="0" skipped="0" time="0.002" hostname="JMac-2021.local">
      <testcase name="MEMORY_HEADER_MASTER matches expected value" classname="memory section header constants" time="0.002626" file="tests/frozen-prefix.test.ts" line="159" assertions="1" />
      <testcase name="MEMORY_HEADER_RETRIEVED matches expected value" classname="memory section header constants" time="0.00003" file="tests/frozen-prefix.test.ts" line="164" assertions="1" />
      <testcase name="MEMORY_HEADER_AUTO matches expected value" classname="memory section header constants" time="0" file="tests/frozen-prefix.test.ts" line="169" assertions="1" />
    </testsuite>
  </testsuite>
</testsuites>
