<?xml version="1.0" encoding="UTF-8"?>
<testsuites name="bun test" tests="3" assertions="12" failures="0" skipped="0" time="0.01953">
  <testsuite name="tests/help-and-cache.test.ts" file="tests/help-and-cache.test.ts" tests="3" assertions="12" failures="0" skipped="0" time="0" hostname="JMac-2021.local">
    <testsuite name="--help output structure" file="tests/help-and-cache.test.ts" line="13" tests="1" assertions="10" failures="0" skipped="0" time="0" hostname="JMac-2021.local">
      <testcase name="help text contains key sections" classname="--help output structure" time="0.000055" file="tests/help-and-cache.test.ts" line="14" assertions="10" />
    </testsuite>
    <testsuite name="--clear-model-cache" file="tests/help-and-cache.test.ts" line="39" tests="2" assertions="2" failures="0" skipped="0" time="0.001" hostname="JMac-2021.local">
      <testcase name="deletes model-meta-cache.json when it exists" classname="--clear-model-cache" time="0.001011" file="tests/help-and-cache.test.ts" line="44" assertions="1" />
      <testcase name="handles missing cache file gracefully (ENOENT is not an error)" classname="--clear-model-cache" time="0.000175" file="tests/help-and-cache.test.ts" line="59" assertions="1" />
    </testsuite>
  </testsuite>
</testsuites>
