<?xml version="1.0" encoding="UTF-8"?>
<testsuites name="bun test" tests="34" assertions="53" failures="0" skipped="0" time="0.315921">
  <testsuite name="tests/hooks.test.ts" file="tests/hooks.test.ts" tests="34" assertions="53" failures="0" skipped="0" time="0" hostname="JMac-2021.local">
    <testsuite name="isHookUrlSafe" file="tests/hooks.test.ts" line="32" tests="8" assertions="17" failures="0" skipped="0" time="0.094" hostname="JMac-2021.local">
      <testcase name="allows public HTTPS URLs" classname="isHookUrlSafe" time="0.085716" file="tests/hooks.test.ts" line="33" assertions="2" />
      <testcase name="allows public HTTP URLs" classname="isHookUrlSafe" time="0.000194" file="tests/hooks.test.ts" line="38" assertions="1" />
      <testcase name="blocks localhost IPs directly" classname="isHookUrlSafe" time="0.000119" file="tests/hooks.test.ts" line="43" assertions="3" />
      <testcase name="blocks localhost hostname via DNS resolution" classname="isHookUrlSafe" time="0.009266" file="tests/hooks.test.ts" line="49" assertions="1" />
      <testcase name="blocks RFC-1918 private ranges" classname="isHookUrlSafe" time="0.000177" file="tests/hooks.test.ts" line="53" assertions="4" />
      <testcase name="allows 172.x outside the private range" classname="isHookUrlSafe" time="0.000053" file="tests/hooks.test.ts" line="60" assertions="2" />
      <testcase name="blocks non-http/https protocols" classname="isHookUrlSafe" time="0.00003" file="tests/hooks.test.ts" line="65" assertions="2" />
      <testcase name="returns false for invalid URLs" classname="isHookUrlSafe" time="0.000096" file="tests/hooks.test.ts" line="70" assertions="2" />
    </testsuite>
    <testsuite name="fireHooks — command (string) target" file="tests/hooks.test.ts" line="78" tests="9" assertions="13" failures="0" skipped="0" time="0.132" hostname="JMac-2021.local">
      <testcase name="runs the command and resolves { ok: true } on success" classname="fireHooks — command (string) target" time="0.009399" file="tests/hooks.test.ts" line="89" assertions="2" />
      <testcase name="passes ORAGER_HOOK_EVENT and ORAGER_SESSION_ID env vars" classname="fireHooks — command (string) target" time="0.003458" file="tests/hooks.test.ts" line="100" assertions="1" />
      <testcase name="passes ORAGER_TOOL_NAME for tool events" classname="fireHooks — command (string) target" time="0.003039" file="tests/hooks.test.ts" line="111" assertions="1" />
      <testcase name="passes ORAGER_TURN for LLM events" classname="fireHooks — command (string) target" time="0.002959" file="tests/hooks.test.ts" line="122" assertions="1" />
      <testcase name="passes ORAGER_MODEL for LLM events" classname="fireHooks — command (string) target" time="0.003013" file="tests/hooks.test.ts" line="133" assertions="1" />
      <testcase name="passes ORAGER_SUBTYPE and ORAGER_TOTAL_COST for Stop events" classname="fireHooks — command (string) target" time="0.003133" file="tests/hooks.test.ts" line="144" assertions="1" />
      <testcase name="returns { ok: false } when the command exits non-zero (default warn mode)" classname="fireHooks — command (string) target" time="0.003993" file="tests/hooks.test.ts" line="155" assertions="3" />
      <testcase name="returns { ok: false } but emits no log in ignore mode" classname="fireHooks — command (string) target" time="0.003266" file="tests/hooks.test.ts" line="169" assertions="2" />
      <testcase name="respects hookTimeoutMs and returns error on timeout" classname="fireHooks — command (string) target" time="0.103042" file="tests/hooks.test.ts" line="182" assertions="1" />
    </testsuite>
    <testsuite name="fireHooks — URL target (SSRF guard)" file="tests/hooks.test.ts" line="195" tests="2" assertions="3" failures="0" skipped="0" time="0.009" hostname="JMac-2021.local">
      <testcase name="returns { ok: false } when URL is a private IP" classname="fireHooks — URL target (SSRF guard)" time="0.000639" file="tests/hooks.test.ts" line="196" assertions="2" />
      <testcase name="returns { ok: false } when URL is localhost" classname="fireHooks — URL target (SSRF guard)" time="0.009117" file="tests/hooks.test.ts" line="209" assertions="1" />
    </testsuite>
    <testsuite name="fireHooks — array target" file="tests/hooks.test.ts" line="222" tests="3" assertions="7" failures="0" skipped="0" time="0.019" hostname="JMac-2021.local">
      <testcase name="fires all targets in the array" classname="fireHooks — array target" time="0.008961" file="tests/hooks.test.ts" line="233" assertions="3" />
      <testcase name="continues running remaining targets after one fails and returns first error" classname="fireHooks — array target" time="0.007206" file="tests/hooks.test.ts" line="246" assertions="2" />
      <testcase name="mixes command and URL targets — SSRF-blocked URL does not stop command" classname="fireHooks — array target" time="0.004199" file="tests/hooks.test.ts" line="260" assertions="2" />
    </testsuite>
    <testsuite name="HookEvent — all 10 events are valid HookEvent values" file="tests/hooks.test.ts" line="277" tests="10" assertions="10" failures="0" skipped="0" time="0.02" hostname="JMac-2021.local">
      <testcase name="fireHooks accepts event &quot;PreToolCall&quot; without throwing" classname="HookEvent — all 10 events are valid HookEvent values" time="0.00246" file="tests/hooks.test.ts" line="292" assertions="1" />
      <testcase name="fireHooks accepts event &quot;PostToolCall&quot; without throwing" classname="HookEvent — all 10 events are valid HookEvent values" time="0.002108" file="tests/hooks.test.ts" line="292" assertions="1" />
      <testcase name="fireHooks accepts event &quot;SessionStart&quot; without throwing" classname="HookEvent — all 10 events are valid HookEvent values" time="0.002222" file="tests/hooks.test.ts" line="292" assertions="1" />
      <testcase name="fireHooks accepts event &quot;SessionStop&quot; without throwing" classname="HookEvent — all 10 events are valid HookEvent values" time="0.005333" file="tests/hooks.test.ts" line="292" assertions="1" />
      <testcase name="fireHooks accepts event &quot;PreLLMRequest&quot; without throwing" classname="HookEvent — all 10 events are valid HookEvent values" time="0.002369" file="tests/hooks.test.ts" line="292" assertions="1" />
      <testcase name="fireHooks accepts event &quot;PostLLMResponse&quot; without throwing" classname="HookEvent — all 10 events are valid HookEvent values" time="0.002094" file="tests/hooks.test.ts" line="292" assertions="1" />
      <testcase name="fireHooks accepts event &quot;Stop&quot; without throwing" classname="HookEvent — all 10 events are valid HookEvent values" time="0.002557" file="tests/hooks.test.ts" line="292" assertions="1" />
      <testcase name="fireHooks accepts event &quot;ToolDenied&quot; without throwing" classname="HookEvent — all 10 events are valid HookEvent values" time="0.001846" file="tests/hooks.test.ts" line="292" assertions="1" />
      <testcase name="fireHooks accepts event &quot;ToolTimeout&quot; without throwing" classname="HookEvent — all 10 events are valid HookEvent values" time="0.001909" file="tests/hooks.test.ts" line="292" assertions="1" />
      <testcase name="fireHooks accepts event &quot;MaxTurnsReached&quot; without throwing" classname="HookEvent — all 10 events are valid HookEvent values" time="0.001982" file="tests/hooks.test.ts" line="292" assertions="1" />
    </testsuite>
    <testsuite name="runHook (backward compat)" file="tests/hooks.test.ts" line="301" tests="2" assertions="3" failures="0" skipped="0" time="0.008" hostname="JMac-2021.local">
      <testcase name="still works as a command hook via fireHooks under the hood" classname="runHook (backward compat)" time="0.005003" file="tests/hooks.test.ts" line="312" assertions="2" />
      <testcase name="passes ctx.isError as ORAGER_IS_ERROR env var" classname="runHook (backward compat)" time="0.003062" file="tests/hooks.test.ts" line="323" assertions="1" />
    </testsuite>
  </testsuite>
</testsuites>
