<?xml version="1.0" encoding="UTF-8"?>
<testsuites name="bun test" tests="14" assertions="15" failures="0" skipped="0" time="0.131898">
  <testsuite name="tests/loop-budget.test.ts" file="tests/loop-budget.test.ts" tests="14" assertions="15" failures="0" skipped="0" time="0" hostname="JMac-2021.local">
    <testsuite name="computeToolBudgetTimeout — no timeoutSec" file="tests/loop-budget.test.ts" line="8" tests="3" assertions="3" failures="0" skipped="0" time="0.001" hostname="JMac-2021.local">
      <testcase name="returns undefined when timeoutSec is not set and no explicit toolTimeout" classname="computeToolBudgetTimeout — no timeoutSec" time="0.001194" file="tests/loop-budget.test.ts" line="9" assertions="1" />
      <testcase name="returns the explicit toolTimeout unchanged when no run-level timeoutSec" classname="computeToolBudgetTimeout — no timeoutSec" time="0" file="tests/loop-budget.test.ts" line="19" assertions="1" />
      <testcase name="returns undefined for a tool not in toolTimeouts when no timeoutSec" classname="computeToolBudgetTimeout — no timeoutSec" time="0" file="tests/loop-budget.test.ts" line="29" assertions="1" />
    </testsuite>
    <testsuite name="computeToolBudgetTimeout — T7: budget-derived timeout (no explicit toolTimeouts)" file="tests/loop-budget.test.ts" line="42" tests="5" assertions="5" failures="0" skipped="0" time="0" hostname="JMac-2021.local">
      <testcase name="returns 80% of remaining budget when timeoutSec is set and no explicit entry" classname="computeToolBudgetTimeout — T7: budget-derived timeout (no explicit toolTimeouts)" time="0" file="tests/loop-budget.test.ts" line="43" assertions="1" />
      <testcase name="accounts for elapsed time in the remaining budget calculation" classname="computeToolBudgetTimeout — T7: budget-derived timeout (no explicit toolTimeouts)" time="0" file="tests/loop-budget.test.ts" line="54" assertions="1" />
      <testcase name="enforces minimum of 5s even with very small remaining budget" classname="computeToolBudgetTimeout — T7: budget-derived timeout (no explicit toolTimeouts)" time="0" file="tests/loop-budget.test.ts" line="65" assertions="1" />
      <testcase name="enforces maximum of 5 minutes (300_000ms) per tool from the budget" classname="computeToolBudgetTimeout — T7: budget-derived timeout (no explicit toolTimeouts)" time="0" file="tests/loop-budget.test.ts" line="76" assertions="1" />
      <testcase name="returns 1ms (exhaust signal) when budget is already spent" classname="computeToolBudgetTimeout — T7: budget-derived timeout (no explicit toolTimeouts)" time="0" file="tests/loop-budget.test.ts" line="87" assertions="1" />
    </testsuite>
    <testsuite name="computeToolBudgetTimeout — T8: explicit toolTimeout capped at remaining budget" file="tests/loop-budget.test.ts" line="101" tests="4" assertions="5" failures="0" skipped="0" time="0" hostname="JMac-2021.local">
      <testcase name="uses explicit timeout when it is less than the budget cap" classname="computeToolBudgetTimeout — T8: explicit toolTimeout capped at remaining budget" time="0" file="tests/loop-budget.test.ts" line="102" assertions="1" />
      <testcase name="caps explicit timeout at budgetCap when explicit &gt; budget" classname="computeToolBudgetTimeout — T8: explicit toolTimeout capped at remaining budget" time="0" file="tests/loop-budget.test.ts" line="114" assertions="1" />
      <testcase name="caps at minimum 5_000 even when explicit &lt; 5_000 would have been chosen by budget" classname="computeToolBudgetTimeout — T8: explicit toolTimeout capped at remaining budget" time="0" file="tests/loop-budget.test.ts" line="126" assertions="1" />
      <testcase name="different tools get independent timeouts from the budget" classname="computeToolBudgetTimeout — T8: explicit toolTimeout capped at remaining budget" time="0" file="tests/loop-budget.test.ts" line="139" assertions="2" />
    </testsuite>
    <testsuite name="computeToolBudgetTimeout — startMs/nowMs alternative (A3)" file="tests/loop-budget.test.ts" line="161" tests="2" assertions="2" failures="0" skipped="0" time="0" hostname="JMac-2021.local">
      <testcase name="accepts startMs + nowMs instead of elapsedMs" classname="computeToolBudgetTimeout — startMs/nowMs alternative (A3)" time="0" file="tests/loop-budget.test.ts" line="162" assertions="1" />
      <testcase name="elapsedMs takes precedence over startMs when both are provided" classname="computeToolBudgetTimeout — startMs/nowMs alternative (A3)" time="0" file="tests/loop-budget.test.ts" line="173" assertions="1" />
    </testsuite>
  </testsuite>
</testsuites>
