<?xml version="1.0" encoding="UTF-8"?>
<testsuites name="bun test" tests="50" assertions="116" failures="0" skipped="0" time="0.428873">
  <testsuite name="tests/loop.test.ts" file="tests/loop.test.ts" tests="50" assertions="116" failures="0" skipped="0" time="0" hostname="JMac-2021.local">
    <testsuite name="runAgentLoop" file="tests/loop.test.ts" line="119" tests="15" assertions="36" failures="0" skipped="0" time="0.195" hostname="JMac-2021.local">
      <testcase name="single turn with no tool calls emits init, assistant, result:success" classname="runAgentLoop" time="0.148149" file="tests/loop.test.ts" line="126" assertions="3" />
      <testcase name="emits result with accumulated usage" classname="runAgentLoop" time="0.003718" file="tests/loop.test.ts" line="137" assertions="3" />
      <testcase name="reasoning block appears before text block in assistant event" classname="runAgentLoop" time="0.001333" file="tests/loop.test.ts" line="153" assertions="2" />
      <testcase name="executes tool calls and passes results back in next turn" classname="runAgentLoop" time="0.007031" file="tests/loop.test.ts" line="169" assertions="3" />
      <testcase name="emits tool event with each tool result" classname="runAgentLoop" time="0.003987" file="tests/loop.test.ts" line="184" assertions="3" />
      <testcase name="accumulates usage across multiple turns" classname="runAgentLoop" time="0.005645" file="tests/loop.test.ts" line="198" assertions="2" />
      <testcase name="hits max_turns and emits error_max_turns" classname="runAgentLoop" time="0.008699" file="tests/loop.test.ts" line="219" assertions="2" />
      <testcase name="handles unknown tool name as error tool result and continues loop" classname="runAgentLoop" time="0.001538" file="tests/loop.test.ts" line="232" assertions="3" />
      <testcase name="handles invalid tool JSON as error tool result and continues loop" classname="runAgentLoop" time="0.004242" file="tests/loop.test.ts" line="253" assertions="2" />
      <testcase name="handles tool executor throw as error tool result and continues loop" classname="runAgentLoop" time="0.003571" file="tests/loop.test.ts" line="273" assertions="3" />
      <testcase name="OpenRouter stream error exits loop with result:error" classname="runAgentLoop" time="0.002185" file="tests/loop.test.ts" line="292" assertions="2" />
      <testcase name="callOpenRouter rejection exits loop with result:error" classname="runAgentLoop" time="0.002425" file="tests/loop.test.ts" line="303" assertions="2" />
      <testcase name="saves session after successful run" classname="runAgentLoop" time="0.003159" file="tests/loop.test.ts" line="315" assertions="3" />
      <testcase name="saves session (best-effort) after error" classname="runAgentLoop" time="0.003969" file="tests/loop.test.ts" line="327" assertions="1" />
      <testcase name="does not throw even if session save fails" classname="runAgentLoop" time="0.002385" file="tests/loop.test.ts" line="336" assertions="2" />
    </testsuite>
    <testsuite name="runAgentLoop — unlimited turns (maxTurns=0)" file="tests/loop.test.ts" line="348" tests="2" assertions="4" failures="0" skipped="0" time="0.036" hostname="JMac-2021.local">
      <testcase name="does not emit error_max_turns when maxTurns=0 and model stops naturally" classname="runAgentLoop — unlimited turns (maxTurns=0)" time="0.013018" file="tests/loop.test.ts" line="351" assertions="2" />
      <testcase name="never stops on its own when the model keeps calling tools (verified via call count cap)" classname="runAgentLoop — unlimited turns (maxTurns=0)" time="0.023074" file="tests/loop.test.ts" line="365" assertions="2" />
    </testsuite>
    <testsuite name="runAgentLoop — --force-resume" file="tests/loop.test.ts" line="385" tests="2" assertions="5" failures="0" skipped="0" time="0.011" hostname="JMac-2021.local">
      <testcase name="rejects resume without --force-resume when cwd differs" classname="runAgentLoop — --force-resume" time="0.010194" file="tests/loop.test.ts" line="388" assertions="3" />
      <testcase name="resumes session with --force-resume even when cwd differs" classname="runAgentLoop — --force-resume" time="0.001164" file="tests/loop.test.ts" line="417" assertions="2" />
    </testsuite>
    <testsuite name="runAgentLoop — dangerouslySkipPermissions" file="tests/loop.test.ts" line="451" tests="2" assertions="2" failures="0" skipped="0" time="0.001" hostname="JMac-2021.local">
      <testcase name="logs a stderr warning when dangerouslySkipPermissions is true" classname="runAgentLoop — dangerouslySkipPermissions" time="0.001088" file="tests/loop.test.ts" line="454" assertions="1" />
      <testcase name="does NOT log the warning when dangerouslySkipPermissions is false" classname="runAgentLoop — dangerouslySkipPermissions" time="0.000771" file="tests/loop.test.ts" line="467" assertions="1" />
    </testsuite>
    <testsuite name="runAgentLoop — useFinishTool" file="tests/loop.test.ts" line="483" tests="2" assertions="6" failures="0" skipped="0" time="0" hostname="JMac-2021.local">
      <testcase name="breaks the loop when the finish tool is called and uses its result" classname="runAgentLoop — useFinishTool" time="0.000909" file="tests/loop.test.ts" line="486" assertions="3" />
      <testcase name="finish tool is not available when useFinishTool is false (call treated as unknown)" classname="runAgentLoop — useFinishTool" time="0.000988" file="tests/loop.test.ts" line="506" assertions="3" />
    </testsuite>
    <testsuite name="runAgentLoop — maxCostUsd" file="tests/loop.test.ts" line="530" tests="2" assertions="5" failures="0" skipped="0" time="0.005" hostname="JMac-2021.local">
      <testcase name="emits error_max_cost and stops when accumulated cost exceeds the limit" classname="runAgentLoop — maxCostUsd" time="0.004544" file="tests/loop.test.ts" line="533" assertions="3" />
      <testcase name="total_cost_usd in result event is non-zero when costs are tracked" classname="runAgentLoop — maxCostUsd" time="0.001133" file="tests/loop.test.ts" line="556" assertions="2" />
    </testsuite>
    <testsuite name="runAgentLoop — maxCostUsdSoft" file="tests/loop.test.ts" line="578" tests="3" assertions="6" failures="0" skipped="0" time="0.018" hostname="JMac-2021.local">
      <testcase name="breaks the loop early (success) when soft cost limit is hit" classname="runAgentLoop — maxCostUsdSoft" time="0.003457" file="tests/loop.test.ts" line="581" assertions="3" />
      <testcase name="soft limit does not trigger when cost is below the threshold" classname="runAgentLoop — maxCostUsdSoft" time="0.007976" file="tests/loop.test.ts" line="605" assertions="2" />
      <testcase name="soft limit takes precedence over hard limit when cost is between the two" classname="runAgentLoop — maxCostUsdSoft" time="0.008993" file="tests/loop.test.ts" line="624" assertions="1" />
    </testsuite>
    <testsuite name="runAgentLoop — delegated tools" file="tests/loop.test.ts" line="648" tests="2" assertions="6" failures="0" skipped="0" time="0.001" hostname="JMac-2021.local">
      <testcase name="invokes onToolCall for tools with execute:false and uses the returned string as tool result" classname="runAgentLoop — delegated tools" time="0.001248" file="tests/loop.test.ts" line="651" assertions="4" />
      <testcase name="returns an error tool result when execute:false but no onToolCall is provided" classname="runAgentLoop — delegated tools" time="0.000755" file="tests/loop.test.ts" line="690" assertions="2" />
    </testsuite>
    <testsuite name="runAgentLoop — onTurnStart" file="tests/loop.test.ts" line="725" tests="3" assertions="8" failures="0" skipped="0" time="0.01" hostname="JMac-2021.local">
      <testcase name="calls onTurnStart with TurnContext before each model call" classname="runAgentLoop — onTurnStart" time="0.004226" file="tests/loop.test.ts" line="728" assertions="4" />
      <testcase name="merges overrides from onTurnStart into the OpenRouter call options" classname="runAgentLoop — onTurnStart" time="0.001423" file="tests/loop.test.ts" line="747" assertions="2" />
      <testcase name="cumulativeTokens in TurnContext reflects tokens from previous turns" classname="runAgentLoop — onTurnStart" time="0.00531" file="tests/loop.test.ts" line="761" assertions="2" />
    </testsuite>
    <testsuite name="runAgentLoop — parallel_tool_calls" file="tests/loop.test.ts" line="784" tests="2" assertions="6" failures="0" skipped="0" time="0.011" hostname="JMac-2021.local">
      <testcase name="executes multiple tools and collects all results regardless of parallel flag" classname="runAgentLoop — parallel_tool_calls" time="0.010832" file="tests/loop.test.ts" line="787" assertions="2" />
      <testcase name="with parallel_tool_calls=true executes all tools and returns results in order" classname="runAgentLoop — parallel_tool_calls" time="0.001403" file="tests/loop.test.ts" line="805" assertions="4" />
    </testsuite>
    <testsuite name="runAgentLoop — toolErrorBudgetHardStop" file="tests/loop.test.ts" line="854" tests="2" assertions="5" failures="0" skipped="0" time="0.002" hostname="JMac-2021.local">
      <testcase name="emits error_tool_budget after 5 consecutive tool errors when hardStop=true" classname="runAgentLoop — toolErrorBudgetHardStop" time="0.001141" file="tests/loop.test.ts" line="857" assertions="3" />
      <testcase name="does NOT hard stop (only warns) when toolErrorBudgetHardStop is false (default)" classname="runAgentLoop — toolErrorBudgetHardStop" time="0.001512" file="tests/loop.test.ts" line="902" assertions="2" />
    </testsuite>
    <testsuite name="runAgentLoop — _parentSessionIds spawn-cycle detection" file="tests/loop.test.ts" line="951" tests="2" assertions="5" failures="0" skipped="0" time="0.001" hostname="JMac-2021.local">
      <testcase name="aborts run and logs error when sessionId is in _parentSessionIds" classname="runAgentLoop — _parentSessionIds spawn-cycle detection" time="0.001365" file="tests/loop.test.ts" line="954" assertions="3" />
      <testcase name="does NOT abort when sessionId is NOT in _parentSessionIds" classname="runAgentLoop — _parentSessionIds spawn-cycle detection" time="0.000929" file="tests/loop.test.ts" line="972" assertions="2" />
    </testsuite>
    <testsuite name="runAgentLoop — extraTools name validation" file="tests/loop.test.ts" line="988" tests="2" assertions="2" failures="0" skipped="0" time="0" hostname="JMac-2021.local">
      <testcase name="warns when an extraTool name contains invalid characters" classname="runAgentLoop — extraTools name validation" time="0.000683" file="tests/loop.test.ts" line="991" assertions="1" />
      <testcase name="does NOT warn for valid extraTool names" classname="runAgentLoop — extraTools name validation" time="0.000553" file="tests/loop.test.ts" line="1016" assertions="1" />
    </testsuite>
    <testsuite name="runAgentLoop — loop detection escalation" file="tests/loop.test.ts" line="1044" tests="3" assertions="6" failures="0" skipped="0" time="0.001" hostname="JMac-2021.local">
      <testcase name="injects a stuck warning when identical tool calls repeat beyond maxIdenticalToolCallTurns" classname="runAgentLoop — loop detection escalation" time="0.000878" file="tests/loop.test.ts" line="1047" assertions="2" />
      <testcase name="emits 3 loop-detected warnings then aborts — streak does not reset between warnings" classname="runAgentLoop — loop detection escalation" time="0.001195" file="tests/loop.test.ts" line="1069" assertions="2" />
      <testcase name="emits error_loop_abort subtype after 3 stuck warnings without resolution" classname="runAgentLoop — loop detection escalation" time="0.000996" file="tests/loop.test.ts" line="1098" assertions="2" />
    </testsuite>
    <testsuite name="runAgentLoop — delegated tool audit trail" file="tests/loop.test.ts" line="1123" tests="2" assertions="5" failures="0" skipped="0" time="0" hostname="JMac-2021.local">
      <testcase name="calls auditApproval with decision:delegated when a delegated tool is invoked" classname="runAgentLoop — delegated tool audit trail" time="0.000569" file="tests/loop.test.ts" line="1126" assertions="4" />
      <testcase name="does NOT call auditApproval for normal (non-delegated) tool calls" classname="runAgentLoop — delegated tool audit trail" time="0.000583" file="tests/loop.test.ts" line="1163" assertions="1" />
    </testsuite>
    <testsuite name="runAgentLoop — JSON healing" file="tests/loop.test.ts" line="1178" tests="4" assertions="9" failures="0" skipped="0" time="0" hostname="JMac-2021.local">
      <testcase name="injects a healing message when response_format is json_object and response is not valid JSON" classname="runAgentLoop — JSON healing" time="0.000753" file="tests/loop.test.ts" line="1181" assertions="3" />
      <testcase name="does not inject a healing message when response is valid JSON" classname="runAgentLoop — JSON healing" time="0.000742" file="tests/loop.test.ts" line="1202" assertions="3" />
      <testcase name="caps healing at one attempt (does not heal infinitely)" classname="runAgentLoop — JSON healing" time="0.000625" file="tests/loop.test.ts" line="1218" assertions="2" />
      <testcase name="does not heal when response_format is not set" classname="runAgentLoop — JSON healing" time="0.000536" file="tests/loop.test.ts" line="1241" assertions="1" />
    </testsuite>
  </testsuite>
</testsuites>
