<?xml version="1.0" encoding="UTF-8"?>
<testsuites name="bun test" tests="7" assertions="21" failures="0" skipped="0" time="0.053149">
  <testsuite name="tests/mcp-reconnect.test.ts" file="tests/mcp-reconnect.test.ts" tests="7" assertions="21" failures="0" skipped="0" time="0" hostname="JMac-2021.local">
    <testsuite name="MCP HTTP reconnect-on-disconnect" file="tests/mcp-reconnect.test.ts" line="74" tests="6" assertions="16" failures="0" skipped="0" time="0.004" hostname="JMac-2021.local">
      <testcase name="reconnects and retries once on ECONNRESET during tool call" classname="MCP HTTP reconnect-on-disconnect" time="0.004261" file="tests/mcp-reconnect.test.ts" line="75" assertions="4" />
      <testcase name="reconnects and retries once on &apos;connection closed&apos; error" classname="MCP HTTP reconnect-on-disconnect" time="0.000731" file="tests/mcp-reconnect.test.ts" line="96" assertions="2" />
      <testcase name="does NOT reconnect on non-transport errors (e.g. tool validation failure)" classname="MCP HTTP reconnect-on-disconnect" time="0.000713" file="tests/mcp-reconnect.test.ts" line="111" assertions="3" />
      <testcase name="returns error if reconnect itself fails" classname="MCP HTTP reconnect-on-disconnect" time="0.000726" file="tests/mcp-reconnect.test.ts" line="127" assertions="2" />
      <testcase name="retries on 429 rate-limit with backoff (up to 2 retries)" classname="MCP HTTP reconnect-on-disconnect" time="0.000705" file="tests/mcp-reconnect.test.ts" line="144" assertions="3" />
      <testcase name="stdio transports do NOT use reconnectable client (connect called only once per call)" classname="MCP HTTP reconnect-on-disconnect" time="0.000624" file="tests/mcp-reconnect.test.ts" line="169" assertions="2" />
    </testsuite>
    <testsuite name="compactSession: compactedAt set, compactedFrom NOT set for in-place compaction" file="tests/mcp-reconnect.test.ts" line="186" tests="1" assertions="5" failures="0" skipped="0" time="0.022" hostname="JMac-2021.local">
      <testcase name="sets compactedAt ISO timestamp and leaves compactedFrom undefined after compaction" classname="compactSession: compactedAt set, compactedFrom NOT set for in-place compaction" time="0.022969" file="tests/mcp-reconnect.test.ts" line="187" assertions="5" />
    </testsuite>
  </testsuite>
</testsuites>
