<?xml version="1.0" encoding="UTF-8"?>
<testsuites name="bun test" tests="10" assertions="18" failures="0" skipped="0" time="0.096986">
  <testsuite name="tests/mcp-http.test.ts" file="tests/mcp-http.test.ts" tests="10" assertions="18" failures="0" skipped="0" time="0" hostname="JMac-2021.local">
    <testsuite name="McpServerConfig type discrimination" file="tests/mcp-http.test.ts" line="17" tests="4" assertions="6" failures="0" skipped="0" time="0" hostname="JMac-2021.local">
      <testcase name="StdioMcpServerConfig has command field" classname="McpServerConfig type discrimination" time="0.000129" file="tests/mcp-http.test.ts" line="18" assertions="2" />
      <testcase name="HttpMcpServerConfig has url field" classname="McpServerConfig type discrimination" time="0" file="tests/mcp-http.test.ts" line="24" assertions="2" />
      <testcase name="HttpMcpServerConfig accepts optional headers" classname="McpServerConfig type discrimination" time="0" file="tests/mcp-http.test.ts" line="30" assertions="1" />
      <testcase name="union type accepts both variants" classname="McpServerConfig type discrimination" time="0" file="tests/mcp-http.test.ts" line="38" assertions="1" />
    </testsuite>
    <testsuite name="McpServerConfig discriminant (&apos;url&apos; in config)" file="tests/mcp-http.test.ts" line="50" tests="2" assertions="5" failures="0" skipped="0" time="0" hostname="JMac-2021.local">
      <testcase name="identifies stdio configs via absence of url" classname="McpServerConfig discriminant (&amp;apos;url&amp;apos; in config)" time="0" file="tests/mcp-http.test.ts" line="51" assertions="3" />
      <testcase name="identifies http configs via presence of url" classname="McpServerConfig discriminant (&amp;apos;url&amp;apos; in config)" time="0" file="tests/mcp-http.test.ts" line="62" assertions="2" />
    </testsuite>
    <testsuite name="HttpMcpServerConfig headers" file="tests/mcp-http.test.ts" line="75" tests="3" assertions="3" failures="0" skipped="0" time="0" hostname="JMac-2021.local">
      <testcase name="accepts empty headers object" classname="HttpMcpServerConfig headers" time="0" file="tests/mcp-http.test.ts" line="76" assertions="1" />
      <testcase name="accepts multiple auth headers" classname="HttpMcpServerConfig headers" time="0" file="tests/mcp-http.test.ts" line="81" assertions="1" />
      <testcase name="headers are optional" classname="HttpMcpServerConfig headers" time="0" file="tests/mcp-http.test.ts" line="93" assertions="1" />
    </testsuite>
    <testsuite name="connectAllMcpServers with mixed configs" file="tests/mcp-http.test.ts" line="106" tests="1" assertions="4" failures="0" skipped="0" time="0.079" hostname="JMac-2021.local">
      <testcase name="handles a mixed stdio+http server map without throwing when servers are unavailable" classname="connectAllMcpServers with mixed configs" time="0.079725" file="tests/mcp-http.test.ts" line="107" assertions="4" />
    </testsuite>
  </testsuite>
</testsuites>
