<?xml version="1.0" encoding="UTF-8"?>
<testsuites name="bun test" tests="16" assertions="30" failures="0" skipped="0" time="0.025321">
  <testsuite name="tests/memory-system-regression.test.ts" file="tests/memory-system-regression.test.ts" tests="16" assertions="30" failures="0" skipped="0" time="0" hostname="JMac-2021.local">
    <testsuite name="summarization defaults" file="tests/memory-system-regression.test.ts" line="31" tests="3" assertions="3" failures="0" skipped="0" time="0" hostname="JMac-2021.local">
      <testcase name="loop.ts resolves summarizeAt to 0.70 when not set" classname="summarization defaults" time="0.000092" file="tests/memory-system-regression.test.ts" line="32" assertions="1" />
      <testcase name="summarizeAt: 0 explicitly disables token pressure trigger" classname="summarization defaults" time="0" file="tests/memory-system-regression.test.ts" line="43" assertions="1" />
      <testcase name="summarizeTurnInterval: 0 explicitly disables turn-count trigger" classname="summarization defaults" time="0" file="tests/memory-system-regression.test.ts" line="52" assertions="1" />
    </testsuite>
    <testsuite name="parseMemoryUpdates — type field" file="tests/memory-system-regression.test.ts" line="63" tests="6" assertions="15" failures="0" skipped="0" time="0" hostname="JMac-2021.local">
      <testcase name="defaults to &apos;insight&apos; when type is omitted" classname="parseMemoryUpdates — type field" time="0.000103" file="tests/memory-system-regression.test.ts" line="66" assertions="2" />
      <testcase name="parses all valid agent-emittable types" classname="parseMemoryUpdates — type field" time="0.000099" file="tests/memory-system-regression.test.ts" line="72" assertions="6" />
      <testcase name="falls back to &apos;insight&apos; for unknown type values" classname="parseMemoryUpdates — type field" time="0.000014" file="tests/memory-system-regression.test.ts" line="80" assertions="1" />
      <testcase name="falls back to &apos;insight&apos; for non-string type" classname="parseMemoryUpdates — type field" time="0.000008" file="tests/memory-system-regression.test.ts" line="86" assertions="1" />
      <testcase name="preserves all other fields alongside type" classname="parseMemoryUpdates — type field" time="0.000076" file="tests/memory-system-regression.test.ts" line="91" assertions="1" />
      <testcase name="parses multiple blocks with different types" classname="parseMemoryUpdates — type field" time="0.000022" file="tests/memory-system-regression.test.ts" line="103" assertions="4" />
    </testsuite>
    <testsuite name="mergeSettings — MemoryConfig" file="tests/memory-system-regression.test.ts" line="120" tests="7" assertions="12" failures="0" skipped="0" time="0" hostname="JMac-2021.local">
      <testcase name="maps tokenPressureThreshold to summarizeAt" classname="mergeSettings — MemoryConfig" time="0.000022" file="tests/memory-system-regression.test.ts" line="121" assertions="1" />
      <testcase name="maps turnInterval to summarizeTurnInterval" classname="mergeSettings — MemoryConfig" time="0.00001" file="tests/memory-system-regression.test.ts" line="129" assertions="1" />
      <testcase name="maps keepRecentTurns to summarizeKeepRecentTurns" classname="mergeSettings — MemoryConfig" time="0.000004" file="tests/memory-system-regression.test.ts" line="137" assertions="1" />
      <testcase name="maps summarizationModel to summarizeModel" classname="mergeSettings — MemoryConfig" time="0.000014" file="tests/memory-system-regression.test.ts" line="145" assertions="1" />
      <testcase name="runtime opts take precedence over all MemoryConfig values" classname="mergeSettings — MemoryConfig" time="0.00002" file="tests/memory-system-regression.test.ts" line="153" assertions="4" />
      <testcase name="handles empty memory config gracefully" classname="mergeSettings — MemoryConfig" time="0.000007" file="tests/memory-system-regression.test.ts" line="178" assertions="2" />
      <testcase name="no memory config leaves all summarization opts untouched" classname="mergeSettings — MemoryConfig" time="0.000011" file="tests/memory-system-regression.test.ts" line="188" assertions="2" />
    </testsuite>
  </testsuite>
</testsuites>
