<?xml version="1.0" encoding="UTF-8"?>
<testsuites name="bun test" tests="12" assertions="13" failures="0" skipped="0" time="0.017914">
  <testsuite name="tests/memory-repo-key.test.ts" file="tests/memory-repo-key.test.ts" tests="12" assertions="13" failures="0" skipped="0" time="0" hostname="JMac-2021.local">
    <testsuite name="repoSlug" file="tests/memory-repo-key.test.ts" line="4" tests="6" assertions="6" failures="0" skipped="0" time="0" hostname="JMac-2021.local">
      <testcase name="strips https scheme and converts special chars to underscores" classname="repoSlug" time="0.000118" file="tests/memory-repo-key.test.ts" line="5" assertions="1" />
      <testcase name="strips http scheme" classname="repoSlug" time="0" file="tests/memory-repo-key.test.ts" line="11" assertions="1" />
      <testcase name="collapses repeated underscores" classname="repoSlug" time="0" file="tests/memory-repo-key.test.ts" line="17" assertions="1" />
      <testcase name="trims leading and trailing underscores" classname="repoSlug" time="0.000083" file="tests/memory-repo-key.test.ts" line="23" assertions="1" />
      <testcase name="truncates to 64 characters" classname="repoSlug" time="0" file="tests/memory-repo-key.test.ts" line="27" assertions="1" />
      <testcase name="returns empty string for scheme-only URL" classname="repoSlug" time="0" file="tests/memory-repo-key.test.ts" line="32" assertions="1" />
    </testsuite>
    <testsuite name="buildMemoryKeyFromRepo" file="tests/memory-repo-key.test.ts" line="37" tests="6" assertions="7" failures="0" skipped="0" time="0" hostname="JMac-2021.local">
      <testcase name="returns agentId when repoUrl is null" classname="buildMemoryKeyFromRepo" time="0.000041" file="tests/memory-repo-key.test.ts" line="38" assertions="1" />
      <testcase name="returns agentId when repoUrl is empty string" classname="buildMemoryKeyFromRepo" time="0" file="tests/memory-repo-key.test.ts" line="42" assertions="1" />
      <testcase name="appends repo slug for a full GitHub URL" classname="buildMemoryKeyFromRepo" time="0" file="tests/memory-repo-key.test.ts" line="46" assertions="1" />
      <testcase name="truncates total key to 128 chars" classname="buildMemoryKeyFromRepo" time="0" file="tests/memory-repo-key.test.ts" line="52" assertions="1" />
      <testcase name="falls back to agentId when slug is empty after sanitisation" classname="buildMemoryKeyFromRepo" time="0" file="tests/memory-repo-key.test.ts" line="59" assertions="1" />
      <testcase name="handles URLs with multiple special characters" classname="buildMemoryKeyFromRepo" time="0" file="tests/memory-repo-key.test.ts" line="63" assertions="2" />
    </testsuite>
  </testsuite>
</testsuites>
