<?xml version="1.0" encoding="UTF-8"?>
<testsuites name="bun test" tests="19" assertions="43" failures="0" skipped="0" time="0.103075">
  <testsuite name="tests/memory-sqlite.test.ts" file="tests/memory-sqlite.test.ts" tests="19" assertions="43" failures="0" skipped="0" time="0" hostname="JMac-2021.local">
    <testsuite name="isSqliteMemoryEnabled" file="tests/memory-sqlite.test.ts" line="47" tests="4" assertions="4" failures="0" skipped="0" time="0" hostname="JMac-2021.local">
      <testcase name="returns true by default (SQLite is now the default backend)" classname="isSqliteMemoryEnabled" time="0.000611" file="tests/memory-sqlite.test.ts" line="48" assertions="1" />
      <testcase name="returns true when ORAGER_DB_PATH is set to an explicit path" classname="isSqliteMemoryEnabled" time="0.000212" file="tests/memory-sqlite.test.ts" line="55" assertions="1" />
      <testcase name="returns false when ORAGER_DB_PATH is set to &apos;none&apos; (explicit opt-out)" classname="isSqliteMemoryEnabled" time="0.000174" file="tests/memory-sqlite.test.ts" line="61" assertions="1" />
      <testcase name="returns false when ORAGER_DB_PATH is set to empty string (explicit opt-out)" classname="isSqliteMemoryEnabled" time="0.000173" file="tests/memory-sqlite.test.ts" line="67" assertions="1" />
    </testsuite>
    <testsuite name="addMemoryEntrySqlite + loadMemoryStoreSqlite" file="tests/memory-sqlite.test.ts" line="74" tests="1" assertions="7" failures="0" skipped="0" time="0.01" hostname="JMac-2021.local">
      <testcase name="inserts an entry and loadMemoryStoreSqlite returns it" classname="addMemoryEntrySqlite + loadMemoryStoreSqlite" time="0.010229" file="tests/memory-sqlite.test.ts" line="75" assertions="7" />
    </testsuite>
    <testsuite name="removeMemoryEntrySqlite" file="tests/memory-sqlite.test.ts" line="103" tests="1" assertions="3" failures="0" skipped="0" time="0.004" hostname="JMac-2021.local">
      <testcase name="deletes an entry and verifies it is gone" classname="removeMemoryEntrySqlite" time="0.004472" file="tests/memory-sqlite.test.ts" line="104" assertions="3" />
    </testsuite>
    <testsuite name="loadMemoryStoreSqlite isolation" file="tests/memory-sqlite.test.ts" line="132" tests="2" assertions="6" failures="0" skipped="0" time="0.01" hostname="JMac-2021.local">
      <testcase name="returns entries only for the correct memoryKey, not other keys" classname="loadMemoryStoreSqlite isolation" time="0.007872" file="tests/memory-sqlite.test.ts" line="133" assertions="4" />
      <testcase name="prunes expired entries automatically on load" classname="loadMemoryStoreSqlite isolation" time="0.003982" file="tests/memory-sqlite.test.ts" line="156" assertions="2" />
    </testsuite>
    <testsuite name="searchMemoryFts" file="tests/memory-sqlite.test.ts" line="186" tests="2" assertions="3" failures="0" skipped="0" time="0.013" hostname="JMac-2021.local">
      <testcase name="returns entries matching query terms" classname="searchMemoryFts" time="0.004115" file="tests/memory-sqlite.test.ts" line="187" assertions="2" />
      <testcase name="does not return entries for a different memoryKey" classname="searchMemoryFts" time="0.009007" file="tests/memory-sqlite.test.ts" line="206" assertions="1" />
    </testsuite>
    <testsuite name="_migrate — JSON text embedding → Float32 BLOB conversion" file="tests/memory-sqlite.test.ts" line="225" tests="3" assertions="8" failures="0" skipped="0" time="0.015" hostname="JMac-2021.local">
      <testcase name="converts a JSON text embedding to binary BLOB on the next DB open" classname="_migrate — JSON text embedding → Float32 BLOB conversion" time="0.006245" file="tests/memory-sqlite.test.ts" line="226" assertions="2" />
      <testcase name="silently skips rows with malformed JSON — entry is preserved, embedding stays as text" classname="_migrate — JSON text embedding → Float32 BLOB conversion" time="0.005247" file="tests/memory-sqlite.test.ts" line="266" assertions="4" />
      <testcase name="is a no-op when no rows have text embeddings — zero-row query exits early" classname="_migrate — JSON text embedding → Float32 BLOB conversion" time="0.004104" file="tests/memory-sqlite.test.ts" line="300" assertions="2" />
    </testsuite>
    <testsuite name="full round-trip" file="tests/memory-sqlite.test.ts" line="323" tests="1" assertions="5" failures="0" skipped="0" time="0.004" hostname="JMac-2021.local">
      <testcase name="add via addMemoryEntrySqlite, verify persists across fresh loadMemoryStoreSqlite call" classname="full round-trip" time="0.004009" file="tests/memory-sqlite.test.ts" line="324" assertions="5" />
    </testsuite>
    <testsuite name="loadMasterContext + upsertMasterContext" file="tests/memory-sqlite.test.ts" line="354" tests="5" assertions="7" failures="0" skipped="0" time="0.023" hostname="JMac-2021.local">
      <testcase name="returns null when no master context has been set" classname="loadMasterContext + upsertMasterContext" time="0.003329" file="tests/memory-sqlite.test.ts" line="355" assertions="1" />
      <testcase name="saves and retrieves master context" classname="loadMasterContext + upsertMasterContext" time="0.003932" file="tests/memory-sqlite.test.ts" line="370" assertions="1" />
      <testcase name="upsert replaces previous master context — only one row active at a time" classname="loadMasterContext + upsertMasterContext" time="0.00421" file="tests/memory-sqlite.test.ts" line="386" assertions="1" />
      <testcase name="master context is scoped to context_id — different contexts are isolated" classname="loadMasterContext + upsertMasterContext" time="0.009647" file="tests/memory-sqlite.test.ts" line="403" assertions="3" />
      <testcase name="truncates content that exceeds MASTER_CONTEXT_MAX_CHARS" classname="loadMasterContext + upsertMasterContext" time="0.004211" file="tests/memory-sqlite.test.ts" line="422" assertions="1" />
    </testsuite>
  </testsuite>
</testsuites>
