<?xml version="1.0" encoding="UTF-8"?>
<testsuites name="bun test" tests="7" assertions="15" failures="0" skipped="0" time="0.013846">
  <testsuite name="tests/model-capabilities.test.ts" file="tests/model-capabilities.test.ts" tests="7" assertions="15" failures="0" skipped="0" time="0" hostname="JMac-2021.local">
    <testsuite name="getModelCapabilities" file="tests/model-capabilities.test.ts" line="8" tests="7" assertions="15" failures="0" skipped="0" time="0" hostname="JMac-2021.local">
      <testcase name="GPT-4o supports vision and tools" classname="getModelCapabilities" time="0.000342" file="tests/model-capabilities.test.ts" line="9" assertions="3" />
      <testcase name="GPT-4o-mini is detected as o200k family" classname="getModelCapabilities" time="0" file="tests/model-capabilities.test.ts" line="16" assertions="2" />
      <testcase name="Claude 3.5 supports extended thinking" classname="getModelCapabilities" time="0" file="tests/model-capabilities.test.ts" line="22" assertions="3" />
      <testcase name="DeepSeek R1 supports extended thinking" classname="getModelCapabilities" time="0" file="tests/model-capabilities.test.ts" line="29" assertions="2" />
      <testcase name="Llama 2 does not support tool use" classname="getModelCapabilities" time="0" file="tests/model-capabilities.test.ts" line="35" assertions="1" />
      <testcase name="unknown model returns safe defaults" classname="getModelCapabilities" time="0" file="tests/model-capabilities.test.ts" line="39" assertions="2" />
      <testcase name="modelSupportsVision returns correct values" classname="getModelCapabilities" time="0" file="tests/model-capabilities.test.ts" line="45" assertions="2" />
    </testsuite>
  </testsuite>
</testsuites>
