<?xml version="1.0" encoding="UTF-8"?>
<testsuites name="bun test" tests="3" assertions="3" failures="0" skipped="0" time="0.021559">
  <testsuite name="tests/native-sqlite-errors.test.ts" file="tests/native-sqlite-errors.test.ts" tests="3" assertions="3" failures="0" skipped="0" time="0" hostname="JMac-2021.local">
    <testsuite name="openDb (native) — error paths" file="tests/native-sqlite-errors.test.ts" line="21" tests="3" assertions="3" failures="0" skipped="0" time="0.005" hostname="JMac-2021.local">
      <testcase name="corrupt file: openDb throws (WAL pragma fails on first SQL op)" classname="openDb (native) — error paths" time="0.00226" file="tests/native-sqlite-errors.test.ts" line="22" assertions="1" />
      <testcase name="empty file: deserialization is skipped and the returned DB is fully functional" classname="openDb (native) — error paths" time="0.002434" file="tests/native-sqlite-errors.test.ts" line="33" assertions="1" />
      <testcase name="non-existent file: opens a fresh in-memory DB that is fully functional" classname="openDb (native) — error paths" time="0.001222" file="tests/native-sqlite-errors.test.ts" line="47" assertions="1" />
    </testsuite>
  </testsuite>
</testsuites>
