<?xml version="1.0" encoding="UTF-8"?>
<testsuites name="bun test" tests="7" assertions="15" failures="0" skipped="0" time="0.046557">
  <testsuite name="tests/native-sqlite-persistence.test.ts" file="tests/native-sqlite-persistence.test.ts" tests="7" assertions="15" failures="0" skipped="0" time="0" hostname="JMac-2021.local">
    <testsuite name="native SQLite — persistence round-trip" file="tests/native-sqlite-persistence.test.ts" line="21" tests="7" assertions="15" failures="0" skipped="0" time="0.026" hostname="JMac-2021.local">
      <testcase name="data written and close()d survives a second openDb() call" classname="native SQLite — persistence round-trip" time="0.010191" file="tests/native-sqlite-persistence.test.ts" line="22" assertions="3" />
      <testcase name="file is written to disk (non-empty) after inserting a row" classname="native SQLite — persistence round-trip" time="0.002872" file="tests/native-sqlite-persistence.test.ts" line="45" assertions="1" />
      <testcase name="transaction data persists across close + reopen" classname="native SQLite — persistence round-trip" time="0.004137" file="tests/native-sqlite-persistence.test.ts" line="60" assertions="2" />
      <testcase name="data is durable after writes without close() (native driver writes synchronously)" classname="native SQLite — persistence round-trip" time="0.003549" file="tests/native-sqlite-persistence.test.ts" line="85" assertions="2" />
      <testcase name="multiple rows survive across three sequential open/close cycles" classname="native SQLite — persistence round-trip" time="0.003351" file="tests/native-sqlite-persistence.test.ts" line="110" assertions="3" />
      <testcase name="readonly mode reads persisted data without modifying the file" classname="native SQLite — persistence round-trip" time="0.002799" file="tests/native-sqlite-persistence.test.ts" line="137" assertions="2" />
      <testcase name="opening a non-existent path produces a fresh empty database" classname="native SQLite — persistence round-trip" time="0.002826" file="tests/native-sqlite-persistence.test.ts" line="161" assertions="2" />
    </testsuite>
  </testsuite>
</testsuites>
