<?xml version="1.0" encoding="UTF-8"?>
<testsuites name="bun test" tests="10" assertions="28" failures="0" skipped="0" time="0.073066">
  <testsuite name="tests/phase5-cold-start.test.ts" file="tests/phase5-cold-start.test.ts" tests="10" assertions="28" failures="0" skipped="0" time="0" hostname="JMac-2021.local">
    <testsuite name="MEMORY_HEADER_PRIOR_SESSION" file="tests/phase5-cold-start.test.ts" line="22" tests="2" assertions="6" failures="0" skipped="0" time="0" hostname="JMac-2021.local">
      <testcase name="is a non-empty string starting with ##" classname="MEMORY_HEADER_PRIOR_SESSION" time="0.000029" file="tests/phase5-cold-start.test.ts" line="23" assertions="3" />
      <testcase name="does not collide with other memory header constants" classname="MEMORY_HEADER_PRIOR_SESSION" time="0.000088" file="tests/phase5-cold-start.test.ts" line="29" assertions="3" />
    </testsuite>
    <testsuite name="SqliteSessionStore.loadLatestCheckpointByContextId" file="tests/phase5-cold-start.test.ts" line="40" tests="8" assertions="22" failures="0" skipped="0" time="0.04" hostname="JMac-2021.local">
      <testcase name="returns null when no checkpoint exists for the context" classname="SqliteSessionStore.loadLatestCheckpointByContextId" time="0.008835" file="tests/phase5-cold-start.test.ts" line="51" assertions="1" />
      <testcase name="returns null when only a raw checkpoint (no summary) exists" classname="SqliteSessionStore.loadLatestCheckpointByContextId" time="0.006188" file="tests/phase5-cold-start.test.ts" line="56" assertions="1" />
      <testcase name="returns the synthesised checkpoint when one exists" classname="SqliteSessionStore.loadLatestCheckpointByContextId" time="0.004357" file="tests/phase5-cold-start.test.ts" line="67" assertions="6" />
      <testcase name="returns the most recent synthesised checkpoint when a thread has both raw and synthesised" classname="SqliteSessionStore.loadLatestCheckpointByContextId" time="0.005504" file="tests/phase5-cold-start.test.ts" line="82" assertions="2" />
      <testcase name="picks the most recent thread when multiple threads share a context_id" classname="SqliteSessionStore.loadLatestCheckpointByContextId" time="0.004363" file="tests/phase5-cold-start.test.ts" line="95" assertions="3" />
      <testcase name="context_id isolation — different namespaces do not bleed into each other" classname="SqliteSessionStore.loadLatestCheckpointByContextId" time="0.004257" file="tests/phase5-cold-start.test.ts" line="114" assertions="3" />
      <testcase name="ignores a raw checkpoint that follows a synthesised one (summary preserved)" classname="SqliteSessionStore.loadLatestCheckpointByContextId" time="0.004675" file="tests/phase5-cold-start.test.ts" line="126" assertions="3" />
      <testcase name="fullState is returned as an empty array when stored JSON is malformed" classname="SqliteSessionStore.loadLatestCheckpointByContextId" time="0.005777" file="tests/phase5-cold-start.test.ts" line="146" assertions="3" />
    </testsuite>
  </testsuite>
</testsuites>
