<?xml version="1.0" encoding="UTF-8"?>
<testsuites name="bun test" tests="15" assertions="29" failures="0" skipped="0" time="0.087243">
  <testsuite name="tests/phase6-distillation.test.ts" file="tests/phase6-distillation.test.ts" tests="15" assertions="29" failures="0" skipped="0" time="0" hostname="JMac-2021.local">
    <testsuite name="Phase 6 constants" file="tests/phase6-distillation.test.ts" line="33" tests="2" assertions="6" failures="0" skipped="0" time="0.002" hostname="JMac-2021.local">
      <testcase name="DISTILL_ENTRY_THRESHOLD is a positive integer" classname="Phase 6 constants" time="0.002873" file="tests/phase6-distillation.test.ts" line="34" assertions="3" />
      <testcase name="DISTILL_BATCH_SIZE is a positive integer less than DISTILL_ENTRY_THRESHOLD" classname="Phase 6 constants" time="0.000075" file="tests/phase6-distillation.test.ts" line="41" assertions="3" />
    </testsuite>
    <testsuite name="distillMemoryEntries" file="tests/phase6-distillation.test.ts" line="51" tests="7" assertions="14" failures="0" skipped="0" time="0" hostname="JMac-2021.local">
      <testcase name="returns empty array when entries input is empty" classname="distillMemoryEntries" time="0.000218" file="tests/phase6-distillation.test.ts" line="59" assertions="1" />
      <testcase name="parses a valid JSON array from the LLM response" classname="distillMemoryEntries" time="0.000279" file="tests/phase6-distillation.test.ts" line="65" assertions="5" />
      <testcase name="strips markdown code fences before parsing" classname="distillMemoryEntries" time="0.000107" file="tests/phase6-distillation.test.ts" line="82" assertions="2" />
      <testcase name="returns empty array when LLM returns non-array JSON" classname="distillMemoryEntries" time="0.000046" file="tests/phase6-distillation.test.ts" line="96" assertions="1" />
      <testcase name="returns empty array when LLM returns malformed JSON" classname="distillMemoryEntries" time="0.000119" file="tests/phase6-distillation.test.ts" line="109" assertions="1" />
      <testcase name="clamps out-of-range importance to 2 and defaults missing importance to 2" classname="distillMemoryEntries" time="0.000072" file="tests/phase6-distillation.test.ts" line="122" assertions="2" />
      <testcase name="skips items with missing or empty content field" classname="distillMemoryEntries" time="0.000038" file="tests/phase6-distillation.test.ts" line="136" assertions="2" />
    </testsuite>
    <testsuite name="distillation SQLite helpers" file="tests/phase6-distillation.test.ts" line="153" tests="6" assertions="9" failures="0" skipped="0" time="0.061" hostname="JMac-2021.local">
      <testcase name="getMemoryEntryCount returns 0 for an empty namespace" classname="distillation SQLite helpers" time="0.018574" file="tests/phase6-distillation.test.ts" line="184" assertions="1" />
      <testcase name="getMemoryEntryCount counts only non-expired regular entries" classname="distillation SQLite helpers" time="0.010085" file="tests/phase6-distillation.test.ts" line="190" assertions="1" />
      <testcase name="getEntriesForDistillation excludes importance=3 entries and orders by importance ASC" classname="distillation SQLite helpers" time="0.008779" file="tests/phase6-distillation.test.ts" line="200" assertions="3" />
      <testcase name="getEntriesForDistillation respects the limit" classname="distillation SQLite helpers" time="0.010776" file="tests/phase6-distillation.test.ts" line="213" assertions="1" />
      <testcase name="deleteMemoryEntriesByIds removes only the specified entries" classname="distillation SQLite helpers" time="0.008986" file="tests/phase6-distillation.test.ts" line="223" assertions="2" />
      <testcase name="deleteMemoryEntriesByIds is a no-op for an empty array" classname="distillation SQLite helpers" time="0.007285" file="tests/phase6-distillation.test.ts" line="237" assertions="1" />
    </testsuite>
  </testsuite>
</testsuites>
