<?xml version="1.0" encoding="UTF-8"?>
<testsuites name="bun test" tests="8" assertions="27" failures="0" skipped="0" time="0.063553">
  <testsuite name="tests/phase7-polish.test.ts" file="tests/phase7-polish.test.ts" tests="8" assertions="27" failures="0" skipped="0" time="0" hostname="JMac-2021.local">
    <testsuite name="MEMORY_DYNAMIC_BUDGET_FRACTION" file="tests/phase7-polish.test.ts" line="18" tests="3" assertions="7" failures="0" skipped="0" time="0.012" hostname="JMac-2021.local">
      <testcase name="defaults to a value in (0, 1]" classname="MEMORY_DYNAMIC_BUDGET_FRACTION" time="0.012072" file="tests/phase7-polish.test.ts" line="19" assertions="3" />
      <testcase name="budget chars formula: contextWindow × fraction × 4 (chars/token heuristic)" classname="MEMORY_DYNAMIC_BUDGET_FRACTION" time="0.000005" file="tests/phase7-polish.test.ts" line="27" assertions="3" />
      <testcase name="budget is skipped when dynamicChars &lt;= budgetChars (no truncation)" classname="MEMORY_DYNAMIC_BUDGET_FRACTION" time="0" file="tests/phase7-polish.test.ts" line="36" assertions="1" />
    </testsuite>
    <testsuite name="memory header constants" file="tests/phase7-polish.test.ts" line="48" tests="1" assertions="13" failures="0" skipped="0" time="0" hostname="JMac-2021.local">
      <testcase name="all four constants are distinct non-empty strings starting with #" classname="memory header constants" time="0.000113" file="tests/phase7-polish.test.ts" line="49" assertions="13" />
    </testsuite>
    <testsuite name="memory inspect CLI" file="tests/phase7-polish.test.ts" line="78" tests="4" assertions="7" failures="0" skipped="0" time="0.031" hostname="JMac-2021.local">
      <testcase name="shows correct entry count for a populated namespace" classname="memory inspect CLI" time="0.014263" file="tests/phase7-polish.test.ts" line="106" assertions="3" />
      <testcase name="getMemoryEntryCount returns the right count for inspect" classname="memory inspect CLI" time="0.008667" file="tests/phase7-polish.test.ts" line="128" assertions="2" />
      <testcase name="loadMasterContext returns null when no master context has been set" classname="memory inspect CLI" time="0.005107" file="tests/phase7-polish.test.ts" line="142" assertions="1" />
      <testcase name="loadMasterContext returns the content after upsert" classname="memory inspect CLI" time="0.004989" file="tests/phase7-polish.test.ts" line="151" assertions="1" />
    </testsuite>
  </testsuite>
</testsuites>
