<?xml version="1.0" encoding="UTF-8"?>
<testsuites name="bun test" tests="7" assertions="22" failures="0" skipped="0" time="0.015381">
  <testsuite name="tests/profiles.test.ts" file="tests/profiles.test.ts" tests="7" assertions="22" failures="0" skipped="0" time="0" hostname="JMac-2021.local">
    <testsuite name="listProfiles" file="tests/profiles.test.ts" line="22" tests="2" assertions="13" failures="0" skipped="0" time="0" hostname="JMac-2021.local">
      <testcase name="returns all 6 built-in profiles" classname="listProfiles" time="0.000245" file="tests/profiles.test.ts" line="23" assertions="7" />
      <testcase name="each profile has a non-empty description" classname="listProfiles" time="0" file="tests/profiles.test.ts" line="35" assertions="6" />
    </testsuite>
    <testsuite name="applyProfile" file="tests/profiles.test.ts" line="42" tests="5" assertions="9" failures="0" skipped="0" time="0" hostname="JMac-2021.local">
      <testcase name="sets profile-only fields that caller did not supply" classname="applyProfile" time="0.000287" file="tests/profiles.test.ts" line="43" assertions="3" />
      <testcase name="caller opts override profile defaults" classname="applyProfile" time="0" file="tests/profiles.test.ts" line="51" assertions="2" />
      <testcase name="merges appendSystemPrompt — does not drop profile text when caller adds more" classname="applyProfile" time="0.000069" file="tests/profiles.test.ts" line="61" assertions="2" />
      <testcase name="does not produce duplicate keys in the returned object" classname="applyProfile" time="0.000016" file="tests/profiles.test.ts" line="67" assertions="1" />
      <testcase name="profile appendSystemPrompt appears only once when caller has no extra prompt" classname="applyProfile" time="0" file="tests/profiles.test.ts" line="75" assertions="1" />
    </testsuite>
  </testsuite>
</testsuites>
