<?xml version="1.0" encoding="UTF-8"?>
<testsuites name="bun test" tests="8" assertions="16" failures="0" skipped="0" time="0.020646">
  <testsuite name="tests/profile-loader.test.ts" file="tests/profile-loader.test.ts" tests="8" assertions="16" failures="0" skipped="0" time="0" hostname="JMac-2021.local">
    <testsuite name="getProfilesDir — re-reads env var on every call" file="tests/profile-loader.test.ts" line="14" tests="3" assertions="4" failures="0" skipped="0" time="0" hostname="JMac-2021.local">
      <testcase name="returns default ~/.orager/profiles when env var is not set" classname="getProfilesDir — re-reads env var on every call" time="0" file="tests/profile-loader.test.ts" line="22" assertions="1" />
      <testcase name="returns the custom dir when ORAGER_PROFILES_DIR is set" classname="getProfilesDir — re-reads env var on every call" time="0.000012" file="tests/profile-loader.test.ts" line="28" assertions="1" />
      <testcase name="reflects a mid-test env change immediately (no module-level cache)" classname="getProfilesDir — re-reads env var on every call" time="0.000009" file="tests/profile-loader.test.ts" line="33" assertions="2" />
    </testsuite>
    <testsuite name="loadCustomProfiles — reads from ORAGER_PROFILES_DIR on each call (T-gap1)" file="tests/profile-loader.test.ts" line="43" tests="5" assertions="12" failures="0" skipped="0" time="0.003" hostname="JMac-2021.local">
      <testcase name="returns empty object for a non-existent directory" classname="loadCustomProfiles — reads from ORAGER_PROFILES_DIR on each call (T-gap1)" time="0.000725" file="tests/profile-loader.test.ts" line="54" assertions="1" />
      <testcase name="loads profiles from ORAGER_PROFILES_DIR when set" classname="loadCustomProfiles — reads from ORAGER_PROFILES_DIR on each call (T-gap1)" time="0.001397" file="tests/profile-loader.test.ts" line="60" assertions="3" />
      <testcase name="changing ORAGER_PROFILES_DIR between calls reads from the new directory (no cache)" classname="loadCustomProfiles — reads from ORAGER_PROFILES_DIR on each call (T-gap1)" time="0.001303" file="tests/profile-loader.test.ts" line="79" assertions="4" />
      <testcase name="ignores files that are not .json/.yaml/.yml" classname="loadCustomProfiles — reads from ORAGER_PROFILES_DIR on each call (T-gap1)" time="0.000794" file="tests/profile-loader.test.ts" line="106" assertions="2" />
      <testcase name="skips profile files missing required fields (description, appendSystemPrompt)" classname="loadCustomProfiles — reads from ORAGER_PROFILES_DIR on each call (T-gap1)" time="0.001205" file="tests/profile-loader.test.ts" line="121" assertions="2" />
    </testsuite>
  </testsuite>
</testsuites>
