<?xml version="1.0" encoding="UTF-8"?>
<testsuites name="bun test" tests="8" assertions="18" failures="0" skipped="0" time="0.01479">
  <testsuite name="tests/prompt-variation.test.ts" file="tests/prompt-variation.test.ts" tests="8" assertions="18" failures="0" skipped="0" time="0" hostname="JMac-2021.local">
    <testsuite name="varyPrompt" file="tests/prompt-variation.test.ts" line="4" tests="4" assertions="9" failures="0" skipped="0" time="0" hostname="JMac-2021.local">
      <testcase name="returns a string containing the original prompt" classname="varyPrompt" time="0" file="tests/prompt-variation.test.ts" line="5" assertions="1" />
      <testcase name="adds a hint on top of the original prompt" classname="varyPrompt" time="0.00002" file="tests/prompt-variation.test.ts" line="10" assertions="2" />
      <testcase name="cycles through templates: attempt N and N+5 produce identical results" classname="varyPrompt" time="0" file="tests/prompt-variation.test.ts" line="17" assertions="5" />
      <testcase name="produces different hints for different attempt numbers (within a cycle)" classname="varyPrompt" time="0" file="tests/prompt-variation.test.ts" line="25" assertions="1" />
    </testsuite>
    <testsuite name="makeStuckMessage" file="tests/prompt-variation.test.ts" line="33" tests="4" assertions="9" failures="0" skipped="0" time="0" hostname="JMac-2021.local">
      <testcase name="includes the streak count" classname="makeStuckMessage" time="0" file="tests/prompt-variation.test.ts" line="34" assertions="1" />
      <testcase name="includes a hint from the hints array" classname="makeStuckMessage" time="0" file="tests/prompt-variation.test.ts" line="39" assertions="2" />
      <testcase name="cycles through hints: attempt N and N+5 produce identical results" classname="makeStuckMessage" time="0" file="tests/prompt-variation.test.ts" line="45" assertions="5" />
      <testcase name="produces different hints for different attempt numbers (within a cycle)" classname="makeStuckMessage" time="0" file="tests/prompt-variation.test.ts" line="52" assertions="1" />
    </testsuite>
  </testsuite>
</testsuites>
