<?xml version="1.0" encoding="UTF-8"?>
<testsuites name="bun test" tests="9" assertions="15" failures="0" skipped="0" time="0.021935">
  <testsuite name="tests/rate-limit-gate.test.ts" file="tests/rate-limit-gate.test.ts" tests="9" assertions="15" failures="0" skipped="0" time="0" hostname="JMac-2021.local">
    <testsuite name="waitIfRateLimited" file="tests/rate-limit-gate.test.ts" line="24" tests="9" assertions="15" failures="0" skipped="0" time="0" hostname="JMac-2021.local">
      <testcase name="returns immediately when state is null" classname="waitIfRateLimited" time="0.000236" file="tests/rate-limit-gate.test.ts" line="28" assertions="0" />
      <testcase name="returns immediately when both budgets are healthy (&gt; 5%)" classname="waitIfRateLimited" time="0.00006" file="tests/rate-limit-gate.test.ts" line="34" assertions="0" />
      <testcase name="sleeps until resetRequestsAt when requests near exhaustion" classname="waitIfRateLimited" time="0.000236" file="tests/rate-limit-gate.test.ts" line="40" assertions="2" />
      <testcase name="sleeps until resetTokensAt when tokens near exhaustion" classname="waitIfRateLimited" time="0.000074" file="tests/rate-limit-gate.test.ts" line="56" assertions="2" />
      <testcase name="caps wait at MAX_WAIT_MS (60 s) for far-future resets" classname="waitIfRateLimited" time="0.000047" file="tests/rate-limit-gate.test.ts" line="72" assertions="1" />
      <testcase name="falls back to 2 000 ms conservative back-off when no reset timestamp" classname="waitIfRateLimited" time="0.000048" file="tests/rate-limit-gate.test.ts" line="84" assertions="2" />
      <testcase name="calls onLog with kind and remaining when gate activates" classname="waitIfRateLimited" time="0.000056" file="tests/rate-limit-gate.test.ts" line="99" assertions="3" />
      <testcase name="does not call onLog when budget is healthy" classname="waitIfRateLimited" time="0.000048" file="tests/rate-limit-gate.test.ts" line="113" assertions="1" />
      <testcase name="falls back to 2 000 ms conservative back-off when reset header is a malformed date string" classname="waitIfRateLimited" time="0.000524" file="tests/rate-limit-gate.test.ts" line="120" assertions="4" />
    </testsuite>
  </testsuite>
</testsuites>
