<?xml version="1.0" encoding="UTF-8"?>
<testsuites name="bun test" tests="10" assertions="14" failures="0" skipped="0" time="0.251197">
  <testsuite name="tests/remaining-fixes.test.ts" file="tests/remaining-fixes.test.ts" tests="10" assertions="14" failures="0" skipped="0" time="0" hostname="JMac-2021.local">
    <testsuite name="compactSession idempotency" file="tests/remaining-fixes.test.ts" line="39" tests="2" assertions="3" failures="0" skipped="0" time="0.028" hostname="JMac-2021.local">
      <testcase name="returns early with a message when session is already summarized" classname="compactSession idempotency" time="0.024315" file="tests/remaining-fixes.test.ts" line="40" assertions="2" />
      <testcase name="proceeds normally when session is NOT yet summarized" classname="compactSession idempotency" time="0.004311" file="tests/remaining-fixes.test.ts" line="74" assertions="1" />
    </testsuite>
    <testsuite name="parse-args --auto-memory flag" file="tests/remaining-fixes.test.ts" line="115" tests="2" assertions="2" failures="0" skipped="0" time="0.002" hostname="JMac-2021.local">
      <testcase name="sets autoMemory: true when --auto-memory is passed" classname="parse-args --auto-memory flag" time="0.002442" file="tests/remaining-fixes.test.ts" line="116" assertions="1" />
      <testcase name="leaves autoMemory undefined when flag is absent" classname="parse-args --auto-memory flag" time="0.000381" file="tests/remaining-fixes.test.ts" line="122" assertions="1" />
    </testsuite>
    <testsuite name="model name truncation in session list formatting" file="tests/remaining-fixes.test.ts" line="131" tests="2" assertions="4" failures="0" skipped="0" time="0.001" hostname="JMac-2021.local">
      <testcase name="truncates model names longer than 40 characters" classname="model name truncation in session list formatting" time="0.001441" file="tests/remaining-fixes.test.ts" line="132" assertions="2" />
      <testcase name="does not pad model names shorter than 40 characters with extra content" classname="model name truncation in session list formatting" time="0.000337" file="tests/remaining-fixes.test.ts" line="141" assertions="2" />
    </testsuite>
    <testsuite name="initTelemetry SIGTERM guard" file="tests/remaining-fixes.test.ts" line="151" tests="2" assertions="1" failures="0" skipped="0" time="0.203" hostname="JMac-2021.local">
      <testcase name="_sdkInitialized guard is exported as falsy by default when OTEL is disabled" classname="initTelemetry SIGTERM guard" time="0.001251" file="tests/remaining-fixes.test.ts" line="152" assertions="0" />
      <testcase name="calling initTelemetry twice with OTEL enabled does not register duplicate SIGTERM handlers" classname="initTelemetry SIGTERM guard" time="0.202698" file="tests/remaining-fixes.test.ts" line="167" assertions="1" />
    </testsuite>
    <testsuite name="spawn_agent filesChanged merge" file="tests/remaining-fixes.test.ts" line="204" tests="2" assertions="4" failures="0" skipped="0" time="0" hostname="JMac-2021.local">
      <testcase name="sub-agent filesChanged are merged into parent filesChanged when trackFileChanges is true" classname="spawn_agent filesChanged merge" time="0.000567" file="tests/remaining-fixes.test.ts" line="205" assertions="3" />
      <testcase name="does not merge sub-agent filesChanged when trackFileChanges is false" classname="spawn_agent filesChanged merge" time="0.000278" file="tests/remaining-fixes.test.ts" line="223" assertions="1" />
    </testsuite>
  </testsuite>
</testsuites>
