<?xml version="1.0" encoding="UTF-8"?>
<testsuites name="bun test" tests="10" assertions="11" failures="0" skipped="0" time="0.018255">
  <testsuite name="tests/sandbox.test.ts" file="tests/sandbox.test.ts" tests="10" assertions="11" failures="0" skipped="0" time="0" hostname="JMac-2021.local">
    <testsuite name="assertPathAllowed" file="tests/sandbox.test.ts" line="7" tests="7" assertions="8" failures="0" skipped="0" time="0.002" hostname="JMac-2021.local">
      <testcase name="allows a path equal to the sandbox root" classname="assertPathAllowed" time="0" file="tests/sandbox.test.ts" line="8" assertions="1" />
      <testcase name="allows a direct child of the sandbox root" classname="assertPathAllowed" time="0" file="tests/sandbox.test.ts" line="12" assertions="1" />
      <testcase name="allows a deeply nested path inside the root" classname="assertPathAllowed" time="0" file="tests/sandbox.test.ts" line="16" assertions="1" />
      <testcase name="throws for a path outside the sandbox root" classname="assertPathAllowed" time="0.0021" file="tests/sandbox.test.ts" line="20" assertions="1" />
      <testcase name="throws for a sibling directory that starts with the same prefix" classname="assertPathAllowed" time="0.000044" file="tests/sandbox.test.ts" line="26" assertions="1" />
      <testcase name="throws for a path traversal attempt" classname="assertPathAllowed" time="0" file="tests/sandbox.test.ts" line="33" assertions="1" />
      <testcase name="resolves relative root and path before comparing" classname="assertPathAllowed" time="0" file="tests/sandbox.test.ts" line="39" assertions="2" />
    </testsuite>
    <testsuite name="assertPathAllowed — symlink escape prevention (Fix 6)" file="tests/sandbox.test.ts" line="49" tests="3" assertions="3" failures="0" skipped="0" time="0" hostname="JMac-2021.local">
      <testcase name="blocks a symlink inside the sandbox that points outside" classname="assertPathAllowed — symlink escape prevention (Fix 6)" time="0" file="tests/sandbox.test.ts" line="50" assertions="1" />
      <testcase name="allows a real file inside the sandbox (not a symlink escape)" classname="assertPathAllowed — symlink escape prevention (Fix 6)" time="0.000913" file="tests/sandbox.test.ts" line="66" assertions="1" />
      <testcase name="allows a non-existent target path inside the sandbox (new file creation)" classname="assertPathAllowed — symlink escape prevention (Fix 6)" time="0.00021" file="tests/sandbox.test.ts" line="79" assertions="1" />
    </testsuite>
  </testsuite>
</testsuites>
