<?xml version="1.0" encoding="UTF-8"?>
<testsuites name="bun test" tests="3" assertions="6" failures="0" skipped="0" time="0.252252">
  <testsuite name="tests/session-lost-event.test.ts" file="tests/session-lost-event.test.ts" tests="3" assertions="6" failures="0" skipped="0" time="0" hostname="JMac-2021.local">
    <testsuite name="session_lost warn event" file="tests/session-lost-event.test.ts" line="53" tests="3" assertions="6" failures="0" skipped="0" time="0.154" hostname="JMac-2021.local">
      <testcase name="emits a warn event with subtype session_lost when sessionId is not found" classname="session_lost warn event" time="0.150723" file="tests/session-lost-event.test.ts" line="56" assertions="4" />
      <testcase name="does not emit session_lost when session is found" classname="session_lost warn event" time="0.003659" file="tests/session-lost-event.test.ts" line="84" assertions="1" />
      <testcase name="does not emit session_lost when no sessionId is provided (fresh start)" classname="session_lost warn event" time="0.001902" file="tests/session-lost-event.test.ts" line="117" assertions="1" />
    </testsuite>
  </testsuite>
</testsuites>
