<?xml version="1.0" encoding="UTF-8"?>
<testsuites name="bun test" tests="4" assertions="7" failures="0" skipped="0" time="0.272533">
  <testsuite name="tests/session-cumulative-cost.test.ts" file="tests/session-cumulative-cost.test.ts" tests="4" assertions="7" failures="0" skipped="0" time="0" hostname="JMac-2021.local">
    <testsuite name="session cumulative cost" file="tests/session-cumulative-cost.test.ts" line="70" tests="4" assertions="7" failures="0" skipped="0" time="0.176" hostname="JMac-2021.local">
      <testcase name="first run accumulates cost and saves cumulativeCostUsd to session" classname="session cumulative cost" time="0.166339" file="tests/session-cumulative-cost.test.ts" line="78" assertions="2" />
      <testcase name="second run (resume) starts from saved cumulative cost" classname="session cumulative cost" time="0.001934" file="tests/session-cumulative-cost.test.ts" line="98" assertions="2" />
      <testcase name="maxCostUsd hard stop fires when cumulative + current cost exceeds the limit" classname="session cumulative cost" time="0.007059" file="tests/session-cumulative-cost.test.ts" line="138" assertions="2" />
      <testcase name="missing cumulativeCostUsd in old session data defaults to 0" classname="session cumulative cost" time="0.002907" file="tests/session-cumulative-cost.test.ts" line="184" assertions="1" />
    </testsuite>
  </testsuite>
</testsuites>
