<?xml version="1.0" encoding="UTF-8"?>
<testsuites name="bun test" tests="33" assertions="40" failures="5" skipped="0" time="0.140644">
  <testsuite name="tests/session.test.ts" file="tests/session.test.ts" tests="33" assertions="40" failures="5" skipped="0" time="0" hostname="JMac-2021.local">
    <testsuite name="session persistence" file="tests/session.test.ts" line="37" tests="4" assertions="5" failures="2" skipped="0" time="0.009" hostname="JMac-2021.local">
      <testcase name="saveSession + loadSession round-trip" classname="session persistence" time="0.008804" file="tests/session.test.ts" line="38" assertions="0">
        <failure type="AssertionError" />
      </testcase>
      <testcase name="loadSession returns null for unknown session ID" classname="session persistence" time="0.000177" file="tests/session.test.ts" line="69" assertions="0">
        <failure type="AssertionError" />
      </testcase>
      <testcase name="saved session file has restricted 0o600 permissions" classname="session persistence" time="0.001493" file="tests/session.test.ts" line="74" assertions="1" />
      <testcase name="newSessionId returns a non-empty UUID-like string containing hyphens" classname="session persistence" time="0" file="tests/session.test.ts" line="106" assertions="4" />
    </testsuite>
    <testsuite name="session path traversal prevention" file="tests/session.test.ts" line="118" tests="10" assertions="8" failures="2" skipped="0" time="0.001" hostname="JMac-2021.local">
      <testcase name="rejects sessionId &quot;../evil&quot;" classname="session path traversal prevention" time="0" file="tests/session.test.ts" line="131" assertions="1" />
      <testcase name="rejects sessionId &quot;../../etc/passwd&quot;" classname="session path traversal prevention" time="0.000182" file="tests/session.test.ts" line="131" assertions="1" />
      <testcase name="rejects sessionId &quot;/absolute/path&quot;" classname="session path traversal prevention" time="0" file="tests/session.test.ts" line="131" assertions="1" />
      <testcase name="rejects sessionId &quot;a/b&quot;" classname="session path traversal prevention" time="0" file="tests/session.test.ts" line="131" assertions="1" />
      <testcase name="rejects sessionId &quot;has space&quot;" classname="session path traversal prevention" time="0" file="tests/session.test.ts" line="131" assertions="1" />
      <testcase name="rejects sessionId &quot;has\nnewline&quot;" classname="session path traversal prevention" time="0" file="tests/session.test.ts" line="131" assertions="1" />
      <testcase name="rejects sessionId &quot;xxxxxxxxxxxxxxxxxxxxxxxxxxxxxx&quot;" classname="session path traversal prevention" time="0" file="tests/session.test.ts" line="131" assertions="1" />
      <testcase name="rejects sessionId &quot;&quot;" classname="session path traversal prevention" time="0" file="tests/session.test.ts" line="131" assertions="1" />
      <testcase name="accepts a valid UUID session ID" classname="session path traversal prevention" time="0.001275" file="tests/session.test.ts" line="136" assertions="0">
        <failure type="AssertionError" />
      </testcase>
      <testcase name="accepts alphanumeric IDs with hyphens and underscores" classname="session path traversal prevention" time="0.000062" file="tests/session.test.ts" line="142" assertions="0">
        <failure type="AssertionError" />
      </testcase>
    </testsuite>
    <testsuite name="acquireSessionLock path traversal prevention" file="tests/session.test.ts" line="149" tests="9" assertions="8" failures="1" skipped="0" time="0" hostname="JMac-2021.local">
      <testcase name="rejects acquireSessionLock for &quot;../evil&quot;" classname="acquireSessionLock path traversal prevention" time="0.000062" file="tests/session.test.ts" line="162" assertions="1" />
      <testcase name="rejects acquireSessionLock for &quot;../../etc/passwd&quot;" classname="acquireSessionLock path traversal prevention" time="0" file="tests/session.test.ts" line="162" assertions="1" />
      <testcase name="rejects acquireSessionLock for &quot;/absolute/path&quot;" classname="acquireSessionLock path traversal prevention" time="0" file="tests/session.test.ts" line="162" assertions="1" />
      <testcase name="rejects acquireSessionLock for &quot;a/b&quot;" classname="acquireSessionLock path traversal prevention" time="0" file="tests/session.test.ts" line="162" assertions="1" />
      <testcase name="rejects acquireSessionLock for &quot;has space&quot;" classname="acquireSessionLock path traversal prevention" time="0" file="tests/session.test.ts" line="162" assertions="1" />
      <testcase name="rejects acquireSessionLock for &quot;has\nnewline&quot;" classname="acquireSessionLock path traversal prevention" time="0" file="tests/session.test.ts" line="162" assertions="1" />
      <testcase name="rejects acquireSessionLock for &quot;xxxxxxxxxxxxxxxxxxxxxxxxxxxxxx&quot;" classname="acquireSessionLock path traversal prevention" time="0" file="tests/session.test.ts" line="162" assertions="1" />
      <testcase name="rejects acquireSessionLock for &quot;&quot;" classname="acquireSessionLock path traversal prevention" time="0" file="tests/session.test.ts" line="162" assertions="1" />
      <testcase name="accepts a valid UUID in acquireSessionLock and returns a release function" classname="acquireSessionLock path traversal prevention" time="0.0003" file="tests/session.test.ts" line="167" assertions="0">
        <failure type="AssertionError" />
      </testcase>
    </testsuite>
    <testsuite name="getSessionsDir()" file="tests/session.test.ts" line="179" tests="2" assertions="2" failures="0" skipped="0" time="0" hostname="JMac-2021.local">
      <testcase name="returns default path when ORAGER_SESSIONS_DIR is not set" classname="getSessionsDir()" time="0.000015" file="tests/session.test.ts" line="180" assertions="1" />
      <testcase name="returns env var path when ORAGER_SESSIONS_DIR is set" classname="getSessionsDir()" time="0" file="tests/session.test.ts" line="190" assertions="1" />
    </testsuite>
    <testsuite name="ORAGER_SESSIONS_DIR env override — file I/O" file="tests/session.test.ts" line="204" tests="3" assertions="4" failures="0" skipped="0" time="0" hostname="JMac-2021.local">
      <testcase name="saves session file to the custom directory" classname="ORAGER_SESSIONS_DIR env override — file I/O" time="0.000905" file="tests/session.test.ts" line="230" assertions="1" />
      <testcase name="loads session back from the custom directory" classname="ORAGER_SESSIONS_DIR env override — file I/O" time="0.000841" file="tests/session.test.ts" line="248" assertions="2" />
      <testcase name="does not write session to the default ~/.orager/sessions directory" classname="ORAGER_SESSIONS_DIR env override — file I/O" time="0.000784" file="tests/session.test.ts" line="265" assertions="1" />
    </testsuite>
    <testsuite name="pruneOldSessions" file="tests/session.test.ts" line="285" tests="3" assertions="8" failures="0" skipped="0" time="0.002" hostname="JMac-2021.local">
      <testcase name="deletes session files older than the cutoff and reports correct counts" classname="pruneOldSessions" time="0.001685" file="tests/session.test.ts" line="311" assertions="5" />
      <testcase name="returns zero counts when directory is empty" classname="pruneOldSessions" time="0.000261" file="tests/session.test.ts" line="344" assertions="1" />
      <testcase name="keeps sessions newer than the cutoff" classname="pruneOldSessions" time="0.001036" file="tests/session.test.ts" line="349" assertions="2" />
    </testsuite>
    <testsuite name="stale lock detection" file="tests/session.test.ts" line="370" tests="2" assertions="5" failures="0" skipped="0" time="0.096" hostname="JMac-2021.local">
      <testcase name="acquires lock when existing lock is stale (older than 5 minutes)" classname="stale lock detection" time="0.002959" file="tests/session.test.ts" line="398" assertions="4" />
      <testcase name="rejects concurrent acquisition when lock is fresh (less than 5 minutes old)" classname="stale lock detection" time="0.094594" file="tests/session.test.ts" line="420" assertions="1" />
    </testsuite>
  </testsuite>
</testsuites>
