<?xml version="1.0" encoding="UTF-8"?>
<testsuites name="bun test" tests="8" assertions="0" failures="8" skipped="0" time="0.04017">
  <testsuite name="tests/session-lock.test.ts" file="tests/session-lock.test.ts" tests="8" assertions="0" failures="8" skipped="0" time="0" hostname="JMac-2021.local">
    <testsuite name="acquireSessionLock" file="tests/session-lock.test.ts" line="38" tests="8" assertions="0" failures="8" skipped="0" time="0.01" hostname="JMac-2021.local">
      <testcase name="acquires lock, lock file exists, release removes it" classname="acquireSessionLock" time="0.010248" file="tests/session-lock.test.ts" line="39" assertions="0">
        <failure type="AssertionError" />
      </testcase>
      <testcase name="double-acquire on same session throws with descriptive error after retry timeout" classname="acquireSessionLock" time="0.000307" file="tests/session-lock.test.ts" line="58" assertions="0">
        <failure type="AssertionError" />
      </testcase>
      <testcase name="double-acquire with no options throws descriptive error" classname="acquireSessionLock" time="0.00028" file="tests/session-lock.test.ts" line="75" assertions="0">
        <failure type="AssertionError" />
      </testcase>
      <testcase name="release is idempotent — calling it twice does not throw" classname="acquireSessionLock" time="0.00022" file="tests/session-lock.test.ts" line="91" assertions="0">
        <failure type="AssertionError" />
      </testcase>
      <testcase name="stale lock (10 minutes old) is overwritten and acquire succeeds" classname="acquireSessionLock" time="0.000598" file="tests/session-lock.test.ts" line="100" assertions="0">
        <failure type="AssertionError" />
      </testcase>
      <testcase name="corrupted lock file (non-JSON) is treated as stale and acquire succeeds" classname="acquireSessionLock" time="0.000282" file="tests/session-lock.test.ts" line="120" assertions="0">
        <failure type="AssertionError" />
      </testcase>
      <testcase name="succeeds if the lock is released before the retry timeout expires" classname="acquireSessionLock" time="0.000433" file="tests/session-lock.test.ts" line="138" assertions="0">
        <failure type="AssertionError" />
      </testcase>
      <testcase name="lock file path ends with .run.lock" classname="acquireSessionLock" time="0.000257" file="tests/session-lock.test.ts" line="156" assertions="0">
        <failure type="AssertionError" />
      </testcase>
    </testsuite>
  </testsuite>
</testsuites>
