<?xml version="1.0" encoding="UTF-8"?>
<testsuites name="bun test" tests="6" assertions="13" failures="0" skipped="0" time="0.085217">
  <testsuite name="tests/session-cost-endpoint.test.ts" file="tests/session-cost-endpoint.test.ts" tests="6" assertions="13" failures="0" skipped="0" time="0" hostname="JMac-2021.local">
    <testsuite name="GET /sessions/:sessionId/cost" file="tests/session-cost-endpoint.test.ts" line="142" tests="6" assertions="13" failures="0" skipped="0" time="0.05" hostname="JMac-2021.local">
      <testcase name="returns correct cumulativeCostUsd for a known session" classname="GET /sessions/:sessionId/cost" time="0.048667" file="tests/session-cost-endpoint.test.ts" line="143" assertions="5" />
      <testcase name="defaults cumulativeCostUsd to 0 when field is absent (legacy session)" classname="GET /sessions/:sessionId/cost" time="0.00143" file="tests/session-cost-endpoint.test.ts" line="162" assertions="2" />
      <testcase name="returns 404 for a nonexistent session" classname="GET /sessions/:sessionId/cost" time="0.000422" file="tests/session-cost-endpoint.test.ts" line="180" assertions="2" />
      <testcase name="returns 401 when Authorization header is missing" classname="GET /sessions/:sessionId/cost" time="0.000262" file="tests/session-cost-endpoint.test.ts" line="189" assertions="1" />
      <testcase name="returns 403 for an invalid JWT token" classname="GET /sessions/:sessionId/cost" time="0.000273" file="tests/session-cost-endpoint.test.ts" line="194" assertions="1" />
      <testcase name="response shape includes sessionId, cumulativeCostUsd, lastRunAt, runCount" classname="GET /sessions/:sessionId/cost" time="0.001679" file="tests/session-cost-endpoint.test.ts" line="201" assertions="2" />
    </testsuite>
  </testsuite>
</testsuites>
