<?xml version="1.0" encoding="UTF-8"?>
<testsuites name="bun test" tests="12" assertions="27" failures="0" skipped="0" time="0.072855">
  <testsuite name="tests/session-sqlite.test.ts" file="tests/session-sqlite.test.ts" tests="12" assertions="27" failures="0" skipped="0" time="0" hostname="JMac-2021.local">
    <testsuite name="file-based session store" file="tests/session-sqlite.test.ts" line="7" tests="6" assertions="12" failures="0" skipped="0" time="0.025" hostname="JMac-2021.local">
      <testcase name="saves and loads a session" classname="file-based session store" time="0.007497" file="tests/session-sqlite.test.ts" line="18" assertions="3" />
      <testcase name="returns null for non-existent session" classname="file-based session store" time="0.003147" file="tests/session-sqlite.test.ts" line="39" assertions="1" />
      <testcase name="trashed sessions are hidden from load but visible to loadRaw" classname="file-based session store" time="0.004489" file="tests/session-sqlite.test.ts" line="45" assertions="2" />
      <testcase name="lists sessions sorted by updatedAt desc" classname="file-based session store" time="0.004514" file="tests/session-sqlite.test.ts" line="64" assertions="2" />
      <testcase name="advisory lock prevents concurrent resume" classname="file-based session store" time="0.003858" file="tests/session-sqlite.test.ts" line="77" assertions="1" />
      <testcase name="prunes sessions older than threshold" classname="file-based session store" time="0.00426" file="tests/session-sqlite.test.ts" line="88" assertions="3" />
    </testsuite>
    <testsuite name="SqliteSessionStore — checkpoints" file="tests/session-sqlite.test.ts" line="108" tests="6" assertions="15" failures="0" skipped="0" time="0.018" hostname="JMac-2021.local">
      <testcase name="returns null for non-existent checkpoint" classname="SqliteSessionStore — checkpoints" time="0.003636" file="tests/session-sqlite.test.ts" line="119" assertions="1" />
      <testcase name="saves and loads a raw (no-summary) checkpoint" classname="SqliteSessionStore — checkpoints" time="0.003334" file="tests/session-sqlite.test.ts" line="124" assertions="6" />
      <testcase name="saves and loads a checkpoint with summary" classname="SqliteSessionStore — checkpoints" time="0.003507" file="tests/session-sqlite.test.ts" line="139" assertions="2" />
      <testcase name="upsert preserves existing summary when new summary is null" classname="SqliteSessionStore — checkpoints" time="0.003273" file="tests/session-sqlite.test.ts" line="150" assertions="2" />
      <testcase name="upsert replaces summary when a new non-null summary is provided" classname="SqliteSessionStore — checkpoints" time="0.003033" file="tests/session-sqlite.test.ts" line="164" assertions="2" />
      <testcase name="context_id isolation — different threads do not interfere" classname="SqliteSessionStore — checkpoints" time="0.00315" file="tests/session-sqlite.test.ts" line="176" assertions="2" />
    </testsuite>
  </testsuite>
</testsuites>
