<?xml version="1.0" encoding="UTF-8"?>
<testsuites name="bun test" tests="4" assertions="18" failures="0" skipped="0" time="0.014719">
  <testsuite name="tests/sessions-cli.test.ts" file="tests/sessions-cli.test.ts" tests="4" assertions="18" failures="0" skipped="0" time="0" hostname="JMac-2021.local">
    <testsuite name="--sessions command" file="tests/sessions-cli.test.ts" line="16" tests="4" assertions="18" failures="0" skipped="0" time="0" hostname="JMac-2021.local">
      <testcase name="fetches /sessions with limit=20 and /sessions/:id/cost for each session" classname="--sessions command" time="0.000296" file="tests/sessions-cli.test.ts" line="17" assertions="4" />
      <testcase name="--sessions --json outputs valid JSON array with expected fields" classname="--sessions command" time="0.000125" file="tests/sessions-cli.test.ts" line="54" assertions="6" />
      <testcase name="--sessions (ADR-0003): reads sessions directly from SQLite, not from a daemon port" classname="--sessions command" time="0.000439" file="tests/sessions-cli.test.ts" line="79" assertions="4" />
      <testcase name="table output includes session id, last run at, cost, and turns columns" classname="--sessions command" time="0" file="tests/sessions-cli.test.ts" line="100" assertions="4" />
    </testsuite>
  </testsuite>
</testsuites>
