<?xml version="1.0" encoding="UTF-8"?>
<testsuites name="bun test" tests="18" assertions="28" failures="0" skipped="0" time="0.025445">
  <testsuite name="tests/settings.test.ts" file="tests/settings.test.ts" tests="18" assertions="28" failures="0" skipped="0" time="0" hostname="JMac-2021.local">
    <testsuite name="loadSettings" file="tests/settings.test.ts" line="33" tests="6" assertions="9" failures="0" skipped="0" time="0.001" hostname="JMac-2021.local">
      <testcase name="returns empty object when file does not exist" classname="loadSettings" time="0.000927" file="tests/settings.test.ts" line="34" assertions="1" />
      <testcase name="parses valid settings file" classname="loadSettings" time="0.000919" file="tests/settings.test.ts" line="39" assertions="1" />
      <testcase name="returns empty object for malformed JSON" classname="loadSettings" time="0.001725" file="tests/settings.test.ts" line="45" assertions="1" />
      <testcase name="drops invalid permission values and does not throw" classname="loadSettings" time="0.000604" file="tests/settings.test.ts" line="51" assertions="2" />
      <testcase name="accepts all valid permission values" classname="loadSettings" time="0.000444" file="tests/settings.test.ts" line="61" assertions="3" />
      <testcase name="returns cached result on second call with same mtime" classname="loadSettings" time="0.000422" file="tests/settings.test.ts" line="71" assertions="1" />
    </testsuite>
    <testsuite name="loadSettings — permission key validation" file="tests/settings.test.ts" line="82" tests="4" assertions="7" failures="0" skipped="0" time="0" hostname="JMac-2021.local">
      <testcase name="does not throw on permission keys with unusual characters" classname="loadSettings — permission key validation" time="0.000605" file="tests/settings.test.ts" line="83" assertions="1" />
      <testcase name="accepts snake_case permission keys without warning emission causing crash" classname="loadSettings — permission key validation" time="0.000481" file="tests/settings.test.ts" line="92" assertions="1" />
      <testcase name="warns about keys with spaces in them but does not delete them" classname="loadSettings — permission key validation" time="0.00096" file="tests/settings.test.ts" line="100" assertions="3" />
      <testcase name="warns about keys with hyphens but does not delete them" classname="loadSettings — permission key validation" time="0.000861" file="tests/settings.test.ts" line="126" assertions="2" />
    </testsuite>
    <testsuite name="mergeSettings" file="tests/settings.test.ts" line="149" tests="8" assertions="12" failures="0" skipped="0" time="0" hostname="JMac-2021.local">
      <testcase name="returns runtime opts unchanged when fileSettings is empty" classname="mergeSettings" time="0.000321" file="tests/settings.test.ts" line="150" assertions="1" />
      <testcase name="file bashPolicy fills in when runtime has no bashPolicy" classname="mergeSettings" time="0.000288" file="tests/settings.test.ts" line="156" assertions="1" />
      <testcase name="runtime bashPolicy keys override file bashPolicy keys" classname="mergeSettings" time="0.000239" file="tests/settings.test.ts" line="163" assertions="2" />
      <testcase name="file hooks fill in when runtime has no hooks and hooksEnabled is not false" classname="mergeSettings" time="0.000186" file="tests/settings.test.ts" line="173" assertions="1" />
      <testcase name="file hooks are suppressed when hooksEnabled is false" classname="mergeSettings" time="0.000156" file="tests/settings.test.ts" line="180" assertions="1" />
      <testcase name="runtime hooks override file hooks" classname="mergeSettings" time="0.000152" file="tests/settings.test.ts" line="187" assertions="2" />
      <testcase name="file permissions fill in requireApproval when runtime has none" classname="mergeSettings" time="0.000275" file="tests/settings.test.ts" line="195" assertions="3" />
      <testcase name="runtime requireApproval is not overwritten by file permissions" classname="mergeSettings" time="0.000188" file="tests/settings.test.ts" line="204" assertions="1" />
    </testsuite>
  </testsuite>
</testsuites>
