<?xml version="1.0" encoding="UTF-8"?>
<testsuites name="bun test" tests="12" assertions="25" failures="0" skipped="0" time="0.028384">
  <testsuite name="tests/setup.test.ts" file="tests/setup.test.ts" tests="12" assertions="25" failures="0" skipped="0" time="0" hostname="JMac-2021.local">
    <testsuite name="DEFAULT_CONFIG" file="tests/setup.test.ts" line="28" tests="6" assertions="11" failures="0" skipped="0" time="0" hostname="JMac-2021.local">
      <testcase name="has a default model string" classname="DEFAULT_CONFIG" time="0.000521" file="tests/setup.test.ts" line="29" assertions="2" />
      <testcase name="has sensible maxTurns (positive integer)" classname="DEFAULT_CONFIG" time="0.000246" file="tests/setup.test.ts" line="34" assertions="3" />
      <testcase name="has sensible maxRetries (non-negative integer)" classname="DEFAULT_CONFIG" time="0.000271" file="tests/setup.test.ts" line="40" assertions="3" />
      <testcase name="has a default timeoutSec of 300 seconds" classname="DEFAULT_CONFIG" time="0.00025" file="tests/setup.test.ts" line="46" assertions="1" />
      <testcase name="has memory enabled by default" classname="DEFAULT_CONFIG" time="0.000241" file="tests/setup.test.ts" line="50" assertions="1" />
      <testcase name="does not mutate when spread" classname="DEFAULT_CONFIG" time="0.000226" file="tests/setup.test.ts" line="54" assertions="1" />
    </testsuite>
    <testsuite name="OragerUserConfig — type shape (runtime duck-typing)" file="tests/setup.test.ts" line="63" tests="4" assertions="12" failures="0" skipped="0" time="0" hostname="JMac-2021.local">
      <testcase name="accepts a minimal valid config object" classname="OragerUserConfig — type shape (runtime duck-typing)" time="0.000247" file="tests/setup.test.ts" line="64" assertions="1" />
      <testcase name="accepts all optional fields without TypeScript errors" classname="OragerUserConfig — type shape (runtime duck-typing)" time="0.000255" file="tests/setup.test.ts" line="69" assertions="3" />
      <testcase name="accepts requireApproval as an array of tool names" classname="OragerUserConfig — type shape (runtime duck-typing)" time="0.000815" file="tests/setup.test.ts" line="91" assertions="2" />
      <testcase name="accepts reasoningEffort valid enum values" classname="OragerUserConfig — type shape (runtime duck-typing)" time="0.000279" file="tests/setup.test.ts" line="97" assertions="6" />
    </testsuite>
    <testsuite name="runSetupWizard --show-defaults" file="tests/setup.test.ts" line="110" tests="2" assertions="2" failures="0" skipped="0" time="0.002" hostname="JMac-2021.local">
      <testcase name="prints DEFAULT_CONFIG JSON to stdout without throwing" classname="runSetupWizard --show-defaults" time="0.002244" file="tests/setup.test.ts" line="111" assertions="1" />
      <testcase name="does not throw when called with --show-defaults" classname="runSetupWizard --show-defaults" time="0.000386" file="tests/setup.test.ts" line="130" assertions="1" />
    </testsuite>
  </testsuite>
</testsuites>
