<?xml version="1.0" encoding="UTF-8"?>
<testsuites name="bun test" tests="10" assertions="16" failures="0" skipped="0" time="0.031424">
  <testsuite name="tests/status-command.test.ts" file="tests/status-command.test.ts" tests="10" assertions="16" failures="0" skipped="0" time="0" hostname="JMac-2021.local">
    <testsuite name="readDaemonPort" file="tests/status-command.test.ts" line="4" tests="1" assertions="1" failures="0" skipped="0" time="0" hostname="JMac-2021.local">
      <testcase name="returns null or a valid port number" classname="readDaemonPort" time="0.000831" file="tests/status-command.test.ts" line="5" assertions="1" />
    </testsuite>
    <testsuite name="orager --status command wiring (handleStatus)" file="tests/status-command.test.ts" line="17" tests="1" assertions="1" failures="0" skipped="0" time="0" hostname="JMac-2021.local">
      <testcase name="handleStatus is wired in main() — verified by code structure (no runtime test needed)" classname="orager --status command wiring (handleStatus)" time="0.0002" file="tests/status-command.test.ts" line="18" assertions="1" />
    </testsuite>
    <testsuite name="orager --status --json mode" file="tests/status-command.test.ts" line="29" tests="2" assertions="6" failures="0" skipped="0" time="0" hostname="JMac-2021.local">
      <testcase name="--json flag makes handleStatus output parseable JSON (verified by structure)" classname="orager --status --json mode" time="0" file="tests/status-command.test.ts" line="30" assertions="3" />
      <testcase name="not-running JSON response has expected shape" classname="orager --status --json mode" time="0" file="tests/status-command.test.ts" line="41" assertions="3" />
    </testsuite>
    <testsuite name="handleStatus uptime enrichment" file="tests/status-command.test.ts" line="51" tests="1" assertions="2" failures="0" skipped="0" time="0" hostname="JMac-2021.local">
      <testcase name="JSON output includes uptimeMs field (null when key unavailable)" classname="handleStatus uptime enrichment" time="0" file="tests/status-command.test.ts" line="52" assertions="2" />
    </testsuite>
    <testsuite name="--status credits output (Sprint 3-D)" file="tests/status-command.test.ts" line="64" tests="5" assertions="6" failures="0" skipped="0" time="0" hostname="JMac-2021.local">
      <testcase name="JSON output includes credits field when keyInfo is present" classname="--status credits output (Sprint 3-D)" time="0" file="tests/status-command.test.ts" line="68" assertions="2" />
      <testcase name="credits field is omitted when keyInfo is absent from metrics" classname="--status credits output (Sprint 3-D)" time="0" file="tests/status-command.test.ts" line="77" assertions="1" />
      <testcase name="credits text line shows remaining / limit for limited keys" classname="--status credits output (Sprint 3-D)" time="0" file="tests/status-command.test.ts" line="84" assertions="1" />
      <testcase name="credits text line shows &apos;unlimited&apos; for unlimited keys" classname="--status credits output (Sprint 3-D)" time="0" file="tests/status-command.test.ts" line="94" assertions="1" />
      <testcase name="credits text line falls back to usage when remaining is null" classname="--status credits output (Sprint 3-D)" time="0" file="tests/status-command.test.ts" line="102" assertions="1" />
    </testsuite>
  </testsuite>
</testsuites>
