<?xml version="1.0" encoding="UTF-8"?>
<testsuites name="bun test" tests="3" assertions="1" failures="0" skipped="0" time="0.025502">
  <testsuite name="tests/telemetry.test.ts" file="tests/telemetry.test.ts" tests="3" assertions="1" failures="0" skipped="0" time="0" hostname="JMac-2021.local">
    <testsuite name="initTelemetry" file="tests/telemetry.test.ts" line="10" tests="3" assertions="1" failures="0" skipped="0" time="0.009" hostname="JMac-2021.local">
      <testcase name="initTelemetry is a function that can be imported" classname="initTelemetry" time="0.009669" file="tests/telemetry.test.ts" line="39" assertions="1" />
      <testcase name="initTelemetry does not throw when no OTEL vars are set" classname="initTelemetry" time="0.000216" file="tests/telemetry.test.ts" line="44" assertions="0" />
      <testcase name="initTelemetry does not throw when OTEL_SDK_DISABLED=true" classname="initTelemetry" time="0.000046" file="tests/telemetry.test.ts" line="49" assertions="0" />
    </testsuite>
  </testsuite>
</testsuites>
