<?xml version="1.0" encoding="UTF-8"?>
<testsuites name="bun test" tests="5" assertions="10" failures="0" skipped="0" time="0.020393">
  <testsuite name="tests/truncate.test.ts" file="tests/truncate.test.ts" tests="5" assertions="10" failures="0" skipped="0" time="0" hostname="JMac-2021.local">
    <testsuite name="truncateContent" file="tests/truncate.test.ts" line="4" tests="5" assertions="10" failures="0" skipped="0" time="0.001" hostname="JMac-2021.local">
      <testcase name="returns content unchanged when within limit" classname="truncateContent" time="0.000058" file="tests/truncate.test.ts" line="5" assertions="1" />
      <testcase name="truncates plain text at last newline" classname="truncateContent" time="0.000074" file="tests/truncate.test.ts" line="10" assertions="2" />
      <testcase name="truncates JSON arrays to fewer elements" classname="truncateContent" time="0.001147" file="tests/truncate.test.ts" line="17" assertions="3" />
      <testcase name="truncates JSON object string values" classname="truncateContent" time="0" file="tests/truncate.test.ts" line="27" assertions="2" />
      <testcase name="falls back to raw slice for malformed JSON" classname="truncateContent" time="0" file="tests/truncate.test.ts" line="37" assertions="2" />
    </testsuite>
  </testsuite>
</testsuites>
