<?xml version="1.0" encoding="UTF-8"?>
<testsuites name="bun test" tests="3" assertions="3" failures="0" skipped="0" time="0.456119">
  <testsuite name="tests/user-field.test.ts" file="tests/user-field.test.ts" tests="3" assertions="3" failures="0" skipped="0" time="0" hostname="JMac-2021.local">
    <testsuite name="user field forwarded to OpenRouter (Sprint 3-C)" file="tests/user-field.test.ts" line="60" tests="3" assertions="3" failures="0" skipped="0" time="0.202" hostname="JMac-2021.local">
      <testcase name="user is set to agentId when agentId is provided" classname="user field forwarded to OpenRouter (Sprint 3-C)" time="0.19934" file="tests/user-field.test.ts" line="63" assertions="1" />
      <testcase name="user is set to sessionId when no agentId is provided" classname="user field forwarded to OpenRouter (Sprint 3-C)" time="0.001662" file="tests/user-field.test.ts" line="70" assertions="1" />
      <testcase name="user is set to agentId over sessionId when both are available" classname="user field forwarded to OpenRouter (Sprint 3-C)" time="0.002874" file="tests/user-field.test.ts" line="78" assertions="1" />
    </testsuite>
  </testsuite>
</testsuites>
