<?xml version="1.0" encoding="UTF-8"?>
<testsuites name="bun test" tests="3" assertions="3" failures="0" skipped="0" time="0.024848">
  <testsuite name="tests/wasm-sqlite-errors.test.ts" file="tests/wasm-sqlite-errors.test.ts" tests="3" assertions="3" failures="0" skipped="0" time="0" hostname="JMac-2021.local">
    <testsuite name="openWasmDb (native) — error paths" file="tests/wasm-sqlite-errors.test.ts" line="21" tests="3" assertions="3" failures="0" skipped="0" time="0.01" hostname="JMac-2021.local">
      <testcase name="corrupt file: openWasmDb throws (WAL pragma fails on first SQL op)" classname="openWasmDb (native) — error paths" time="0.006066" file="tests/wasm-sqlite-errors.test.ts" line="22" assertions="1" />
      <testcase name="empty file: deserialization is skipped and the returned DB is fully functional" classname="openWasmDb (native) — error paths" time="0.003112" file="tests/wasm-sqlite-errors.test.ts" line="33" assertions="1" />
      <testcase name="non-existent file: opens a fresh in-memory DB that is fully functional" classname="openWasmDb (native) — error paths" time="0.001442" file="tests/wasm-sqlite-errors.test.ts" line="47" assertions="1" />
    </testsuite>
  </testsuite>
</testsuites>
